Using pre-set license
Built from '2020.2/staging' branch; Version is '2020.2.7f1 (c53830e277f1) revision 12924976'; Using compiler version '192528614'; Build Type 'Release'
OS: 'Windows 10 Pro; OS build 19041.746; Version 2004; 64bit' Language: 'pt' Physical Memory: 16221 MB
BatchMode: 1, IsHumanControllingUs: 0, StartBugReporterOnCrash: 0, Is64bit: 1, IsPro: 0

 COMMAND LINE ARGUMENTS:
D:\Unity\2020.2.7f1\Editor\Unity.exe
-adb2
-batchMode
-noUpm
-name
AssetImportWorker1
-projectPath
C:/Users/usuário/Desktop/FoxTales Autoral/FoxTales_Autoral/Nárkissos
-logFile
Logs/AssetImportWorker1.log
-srvPort
51353
Successfully changed project path to: C:/Users/usuário/Desktop/FoxTales Autoral/FoxTales_Autoral/Nárkissos
C:/Users/usuário/Desktop/FoxTales Autoral/FoxTales_Autoral/Nárkissos
Using Asset Import Pipeline V2.
Refreshing native plugins compatible for Editor in 45.58 ms, found 0 plugins.
Preloading 0 native plugins for Editor in 0.00 ms.
Initialize engine version: 2020.2.7f1 (c53830e277f1)
[Subsystems] Discovering subsystems at path D:/Unity/2020.2.7f1/Editor/Data/Resources/UnitySubsystems
[Subsystems] Discovering subsystems at path C:/Users/usuário/Desktop/FoxTales Autoral/FoxTales_Autoral/Nárkissos/Assets
GfxDevice: creating device client; threaded=0
Direct3D:
    Version:  Direct3D 11.0 [level 11.1]
    Renderer: NVIDIA GeForce GTX 1650 (ID=0x1f91)
    Vendor:   
    VRAM:     3962 MB
    Driver:   27.21.14.5167
Shader 'Universal Render Pipeline/Particles/Lit': fallback shader 'Universal Render Pipeline/Particles/SimpleLit' not found
Initialize mono
Mono path[0] = 'D:/Unity/2020.2.7f1/Editor/Data/Managed'
Mono path[1] = 'D:/Unity/2020.2.7f1/Editor/Data/MonoBleedingEdge/lib/mono/unityjit'
Mono config path = 'D:/Unity/2020.2.7f1/Editor/Data/MonoBleedingEdge/etc'
Using monoOptions --debugger-agent=transport=dt_socket,embedding=1,server=y,suspend=n,address=127.0.0.1:56092
Begin MonoManager ReloadAssembly
Registering precompiled unity dll's ...
Register platform support module: D:/Unity/2020.2.7f1/Editor/Data/PlaybackEngines/WindowsStandaloneSupport/UnityEditor.WindowsStandalone.Extensions.dll
Register platform support module: D:/Unity/2020.2.7f1/Editor/Data/PlaybackEngines/LinuxStandaloneSupport/UnityEditor.LinuxStandalone.Extensions.dll
Registered in 0.001051 seconds.
Native extension for LinuxStandalone target not found
Native extension for WindowsStandalone target not found
Refreshing native plugins compatible for Editor in 45.37 ms, found 0 plugins.
Preloading 0 native plugins for Editor in 0.00 ms.
Invoked RoslynAnalysisRunner static constructor.
RoslynAnalysisRunner will not be running.
RoslynAnalysisRunner has terminated.
Mono: successfully reloaded assembly
- Completed reload, in  1.491 seconds
Platform modules already initialized, skipping
Registering precompiled user dll's ...
Registered in 0.001389 seconds.
Begin MonoManager ReloadAssembly
Native extension for LinuxStandalone target not found
Native extension for WindowsStandalone target not found
Refreshing native plugins compatible for Editor in 45.21 ms, found 0 plugins.
Preloading 0 native plugins for Editor in 0.00 ms.
Invoked RoslynAnalysisRunner static constructor.
RoslynAnalysisRunner will not be running.
RoslynAnalysisRunner has terminated.
Mono: successfully reloaded assembly
- Completed reload, in  0.913 seconds
Platform modules already initialized, skipping
========================================================================
Worker process is ready to serve import requests
Shader 'Universal Render Pipeline/Particles/Lit': fallback shader 'Universal Render Pipeline/Particles/SimpleLit' not found
Launched and connected shader compiler UnityShaderCompiler.exe after 0.05 seconds
Refreshing native plugins compatible for Editor in 0.46 ms, found 0 plugins.
Preloading 0 native plugins for Editor in 0.00 ms.
Unloading 2584 Unused Serialized files (Serialized files now loaded: 0)
System memory in use before: 126.1 MB.
System memory in use after: 126.3 MB.

Unloading 11 unused Assets to reduce memory usage. Loaded Objects now: 3032.
Total: 2.654800 ms (FindLiveObjects: 0.325100 ms CreateObjectMapping: 0.201700 ms MarkObjects: 2.044200 ms  DeleteObjects: 0.082400 ms)

========================================================================
Received Import Request.
  path: Assets/Rendering/UniversalRenderPipelineAsset_Renderer.asset
  artifactKey: Guid(62d2ea1aeac576040b74812c497e435e) Importer(815301076,1909f56bfc062723c751e8b465ee728b)
Start importing Assets/Rendering/UniversalRenderPipelineAsset_Renderer.asset using Guid(62d2ea1aeac576040b74812c497e435e) Importer(815301076,1909f56bfc062723c751e8b465ee728b)  -> (artifact id: '12e730f08948643a7f2f12a350414778') in 0.065141 seconds
  Import took 0.069932 seconds .

========================================================================
Received Import Request.
  Time since last request: 27.454528 seconds.
  path: Assets/Modelos3D/modelos 3d/cerca.fbx
  artifactKey: Guid(86755f06f36636d4cb9ab02e277c2ecd) Importer(815301076,1909f56bfc062723c751e8b465ee728b)
Start importing Assets/Modelos3D/modelos 3d/cerca.fbx using Guid(86755f06f36636d4cb9ab02e277c2ecd) Importer(815301076,1909f56bfc062723c751e8b465ee728b)  -> (artifact id: '711fe80655996658ed0fcaba43544f9c') in 0.236282 seconds
  Import took 0.240037 seconds .

========================================================================
Received Import Request.
  Time since last request: 32.756002 seconds.
  path: Assets/Materials/espelho.mat
  artifactKey: Guid(9a48bf7d7faa4fc409b9bccc79e784dc) Importer(815301076,1909f56bfc062723c751e8b465ee728b)
Start importing Assets/Materials/espelho.mat using Guid(9a48bf7d7faa4fc409b9bccc79e784dc) Importer(815301076,1909f56bfc062723c751e8b465ee728b)  -> (artifact id: 'b2dae5b643d460e70c8a635831d18b8c') in 0.027406 seconds
  Import took 0.032874 seconds .

========================================================================
Received Import Request.
  Time since last request: 0.000317 seconds.
  path: Assets/Materials/metal.mat
  artifactKey: Guid(fd0012ec3ecda274db560b309791f279) Importer(815301076,1909f56bfc062723c751e8b465ee728b)
Start importing Assets/Materials/metal.mat using Guid(fd0012ec3ecda274db560b309791f279) Importer(815301076,1909f56bfc062723c751e8b465ee728b)  -> (artifact id: 'd360ff06e293d1ddf2a63183e42a011a') in 0.011427 seconds
  Import took 0.015916 seconds .

========================================================================
Received Import Request.
  Time since last request: 0.000343 seconds.
  path: Assets/Materials/espelho.mat
  artifactKey: Guid(9a48bf7d7faa4fc409b9bccc79e784dc) Importer(815301076,1909f56bfc062723c751e8b465ee728b)
Start importing Assets/Materials/espelho.mat using Guid(9a48bf7d7faa4fc409b9bccc79e784dc) Importer(815301076,1909f56bfc062723c751e8b465ee728b)  -> (artifact id: 'b2dae5b643d460e70c8a635831d18b8c') in 0.086046 seconds
  Import took 0.093057 seconds .

========================================================================
Received Import Request.
  Time since last request: 0.000274 seconds.
  path: Assets/Materials/lampada.mat
  artifactKey: Guid(e9890f7636106694d87866fb3d7caeaa) Importer(815301076,1909f56bfc062723c751e8b465ee728b)
Start importing Assets/Materials/lampada.mat using Guid(e9890f7636106694d87866fb3d7caeaa) Importer(815301076,1909f56bfc062723c751e8b465ee728b)  -> (artifact id: '33428839908a558ef1333c8c26ecc4ae') in 0.010175 seconds
  Import took 0.016284 seconds .

========================================================================
Received Import Request.
  Time since last request: 188.309373 seconds.
  path: Assets/Scenes/Menu.unity
  artifactKey: Guid(808ec5433221a79448924de1d17601b1) Importer(815301076,1909f56bfc062723c751e8b465ee728b)
Start importing Assets/Scenes/Menu.unity using Guid(808ec5433221a79448924de1d17601b1) Importer(815301076,1909f56bfc062723c751e8b465ee728b)  -> (artifact id: '23178ab20d257eafd7088024fb1dba89') in 0.003309 seconds
  Import took 0.007673 seconds .

========================================================================
Received Prepare
Registering precompiled user dll's ...
Registered in 0.001226 seconds.
Begin MonoManager ReloadAssembly
Native extension for LinuxStandalone target not found
Native extension for WindowsStandalone target not found
Refreshing native plugins compatible for Editor in 0.43 ms, found 0 plugins.
Preloading 0 native plugins for Editor in 0.00 ms.
Invoked RoslynAnalysisRunner static constructor.
RoslynAnalysisRunner will not be running.
RoslynAnalysisRunner has terminated.
Mono: successfully reloaded assembly
- Completed reload, in  0.817 seconds
Platform modules already initialized, skipping
Shader 'Universal Render Pipeline/Particles/Lit': fallback shader 'Universal Render Pipeline/Particles/SimpleLit' not found
Refreshing native plugins compatible for Editor in 0.42 ms, found 0 plugins.
Preloading 0 native plugins for Editor in 0.00 ms.
Unloading 2434 Unused Serialized files (Serialized files now loaded: 0)
System memory in use before: 122.8 MB.
System memory in use after: 123.0 MB.

Unloading 6 unused Assets to reduce memory usage. Loaded Objects now: 3123.
Total: 2.359000 ms (FindLiveObjects: 0.260900 ms CreateObjectMapping: 0.112900 ms MarkObjects: 1.927900 ms  DeleteObjects: 0.056500 ms)

========================================================================
Received Import Request.
  Time since last request: 108.087940 seconds.
  path: Assets/Scenes/Rua_Tutorial.unity
  artifactKey: Guid(435eaf770a529dc4dbb07534ddad14d7) Importer(815301076,1909f56bfc062723c751e8b465ee728b)
Start importing Assets/Scenes/Rua_Tutorial.unity using Guid(435eaf770a529dc4dbb07534ddad14d7) Importer(815301076,1909f56bfc062723c751e8b465ee728b)  -> (artifact id: '96b6fff97f5ce35c3214815d12d7645f') in 0.026363 seconds
  Import took 0.030730 seconds .

========================================================================
Received Prepare
Registering precompiled user dll's ...
Registered in 0.001962 seconds.
Begin MonoManager ReloadAssembly
Native extension for LinuxStandalone target not found
Native extension for WindowsStandalone target not found
Refreshing native plugins compatible for Editor in 0.41 ms, found 0 plugins.
Preloading 0 native plugins for Editor in 0.00 ms.
Invoked RoslynAnalysisRunner static constructor.
RoslynAnalysisRunner will not be running.
RoslynAnalysisRunner has terminated.
Mono: successfully reloaded assembly
- Completed reload, in  1.000 seconds
Platform modules already initialized, skipping
Shader 'Universal Render Pipeline/Particles/Lit': fallback shader 'Universal Render Pipeline/Particles/SimpleLit' not found
Refreshing native plugins compatible for Editor in 0.45 ms, found 0 plugins.
Preloading 0 native plugins for Editor in 0.00 ms.
Unloading 2434 Unused Serialized files (Serialized files now loaded: 0)
System memory in use before: 122.9 MB.
System memory in use after: 123.1 MB.

Unloading 6 unused Assets to reduce memory usage. Loaded Objects now: 3128.
Total: 2.902700 ms (FindLiveObjects: 0.311300 ms CreateObjectMapping: 0.138800 ms MarkObjects: 2.386900 ms  DeleteObjects: 0.064500 ms)

========================================================================
Received Prepare
Registering precompiled user dll's ...
Registered in 0.001338 seconds.
Begin MonoManager ReloadAssembly
Native extension for LinuxStandalone target not found
Native extension for WindowsStandalone target not found
Refreshing native plugins compatible for Editor in 0.47 ms, found 0 plugins.
Preloading 0 native plugins for Editor in 0.00 ms.
Invoked RoslynAnalysisRunner static constructor.
RoslynAnalysisRunner will not be running.
RoslynAnalysisRunner has terminated.
Mono: successfully reloaded assembly
- Completed reload, in  0.997 seconds
Platform modules already initialized, skipping
Shader 'Universal Render Pipeline/Particles/Lit': fallback shader 'Universal Render Pipeline/Particles/SimpleLit' not found
Refreshing native plugins compatible for Editor in 0.43 ms, found 0 plugins.
Preloading 0 native plugins for Editor in 0.00 ms.
Unloading 2434 Unused Serialized files (Serialized files now loaded: 0)
System memory in use before: 122.9 MB.
System memory in use after: 123.1 MB.

Unloading 6 unused Assets to reduce memory usage. Loaded Objects now: 3133.
Total: 2.593200 ms (FindLiveObjects: 0.416300 ms CreateObjectMapping: 0.192100 ms MarkObjects: 1.909800 ms  DeleteObjects: 0.074100 ms)

========================================================================
Received Import Request.
  Time since last request: 120.225740 seconds.
  path: Assets/Modelos3D/modelos 3d/berco.fbx
  artifactKey: Guid(62056daf6f4dd7d4fad6fd21899ed930) Importer(815301076,1909f56bfc062723c751e8b465ee728b)
Start importing Assets/Modelos3D/modelos 3d/berco.fbx using Guid(62056daf6f4dd7d4fad6fd21899ed930) Importer(815301076,1909f56bfc062723c751e8b465ee728b)  -> (artifact id: '93ffd9b9192cd7ea3e9f41fe46ea8c57') in 0.207890 seconds
  Import took 0.212253 seconds .

========================================================================
Received Import Request.
  Time since last request: 93.219269 seconds.
  path: Assets/Modelos3D/modelos 3d/bau_aberto.fbx
  artifactKey: Guid(9baa96aba2b6c884aa58048113f5f8c8) Importer(815301076,1909f56bfc062723c751e8b465ee728b)
Start importing Assets/Modelos3D/modelos 3d/bau_aberto.fbx using Guid(9baa96aba2b6c884aa58048113f5f8c8) Importer(815301076,1909f56bfc062723c751e8b465ee728b)  -> (artifact id: '23ebf2388b8500cf12df80dc9227dfd9') in 0.053578 seconds
  Import took 0.058015 seconds .

========================================================================
Received Import Request.
  Time since last request: 0.000245 seconds.
  path: Assets/Modelos3D/modelos 3d/madeira mais escura roxa.png
  artifactKey: Guid(04296eba280521c43b9244426029989d) Importer(815301076,1909f56bfc062723c751e8b465ee728b)
Start importing Assets/Modelos3D/modelos 3d/madeira mais escura roxa.png using Guid(04296eba280521c43b9244426029989d) Importer(815301076,1909f56bfc062723c751e8b465ee728b)  -> (artifact id: '6b3badd2d1da4951da4b9c0c6c32f301') in 0.030907 seconds
  Import took 0.035677 seconds .

========================================================================
Received Import Request.
  Time since last request: 0.000656 seconds.
  path: Assets/Modelos3D/modelos 3d/madeira roxa muito mais clara.png
  artifactKey: Guid(5a88a3de4675e8b4c8b07a12ef393937) Importer(815301076,1909f56bfc062723c751e8b465ee728b)
Start importing Assets/Modelos3D/modelos 3d/madeira roxa muito mais clara.png using Guid(5a88a3de4675e8b4c8b07a12ef393937) Importer(815301076,1909f56bfc062723c751e8b465ee728b)  -> (artifact id: 'ef6616936b8793372946fd5b7f3c532d') in 0.008963 seconds
  Import took 0.015232 seconds .

========================================================================
Received Import Request.
  Time since last request: 58.183014 seconds.
  path: Assets/Modelos3D/modelos 3d/tapete_oval.fbx
  artifactKey: Guid(312d383d5d6b96f478ec7aa2c641c8cc) Importer(815301076,1909f56bfc062723c751e8b465ee728b)
Start importing Assets/Modelos3D/modelos 3d/tapete_oval.fbx using Guid(312d383d5d6b96f478ec7aa2c641c8cc) Importer(815301076,1909f56bfc062723c751e8b465ee728b)  -> (artifact id: 'a38d751e19967a0fbe660af659e0102b') in 0.026763 seconds
  Import took 0.031146 seconds .

========================================================================
Received Import Request.
  Time since last request: 0.000341 seconds.
  path: Assets/Modelos3D/modelos 3d/Wool_carpet_colocaracao_e_pixelizacao_pxr128.png
  artifactKey: Guid(843481068336f4241a712125e0980af6) Importer(815301076,1909f56bfc062723c751e8b465ee728b)
Start importing Assets/Modelos3D/modelos 3d/Wool_carpet_colocaracao_e_pixelizacao_pxr128.png using Guid(843481068336f4241a712125e0980af6) Importer(815301076,1909f56bfc062723c751e8b465ee728b)  -> (artifact id: 'bdf65dd05b6f274a7754a777b4c21917') in 0.009308 seconds
  Import took 0.014053 seconds .

========================================================================
Received Import Request.
  Time since last request: 0.000263 seconds.
  path: Assets/Modelos3D/modelos 3d/tapete_oval.fbx
  artifactKey: Guid(312d383d5d6b96f478ec7aa2c641c8cc) Importer(815301076,1909f56bfc062723c751e8b465ee728b)
Start importing Assets/Modelos3D/modelos 3d/tapete_oval.fbx using Guid(312d383d5d6b96f478ec7aa2c641c8cc) Importer(815301076,1909f56bfc062723c751e8b465ee728b)  -> (artifact id: 'a38d751e19967a0fbe660af659e0102b') in 0.018447 seconds
  Import took 0.022886 seconds .

========================================================================
Received Import Request.
  Time since last request: 48.631189 seconds.
  path: Assets/Modelos3D/modelos 3d/cubos_brinquedo.fbx
  artifactKey: Guid(ad4b16a5f2d15314382bbc89821122e4) Importer(815301076,1909f56bfc062723c751e8b465ee728b)
Start importing Assets/Modelos3D/modelos 3d/cubos_brinquedo.fbx using Guid(ad4b16a5f2d15314382bbc89821122e4) Importer(815301076,1909f56bfc062723c751e8b465ee728b)  -> (artifact id: 'a7dc3db2541542e28af9f83ab2be435a') in 0.073218 seconds
  Import took 0.077632 seconds .

========================================================================
Received Import Request.
  Time since last request: 0.000312 seconds.
  path: Assets/Modelos3D/modelos 3d/textura madeira.png
  artifactKey: Guid(4a8ed676405e2604db613f382a50a466) Importer(815301076,1909f56bfc062723c751e8b465ee728b)
Start importing Assets/Modelos3D/modelos 3d/textura madeira.png using Guid(4a8ed676405e2604db613f382a50a466) Importer(815301076,1909f56bfc062723c751e8b465ee728b)  -> (artifact id: '3bd6af28d391855516aa36db5deaa88c') in 0.007307 seconds
  Import took 0.011158 seconds .

========================================================================
Received Import Request.
  Time since last request: 111.683783 seconds.
  path: Assets/Modelos3D/modelos 3d/poltrona.fbx
  artifactKey: Guid(d8ff6d4f709ed2146884cf9913466d87) Importer(815301076,1909f56bfc062723c751e8b465ee728b)
Start importing Assets/Modelos3D/modelos 3d/poltrona.fbx using Guid(d8ff6d4f709ed2146884cf9913466d87) Importer(815301076,1909f56bfc062723c751e8b465ee728b)  -> (artifact id: 'dbb97927d92416371d8f8d661b2cc043') in 0.050020 seconds
  Import took 0.056026 seconds .

========================================================================
Received Import Request.
  Time since last request: 0.000255 seconds.
  path: Assets/Modelos3D/modelos 3d/madeira mais escura.png
  artifactKey: Guid(9850aaab9e1a40140b94a7852e3cff2c) Importer(815301076,1909f56bfc062723c751e8b465ee728b)
Start importing Assets/Modelos3D/modelos 3d/madeira mais escura.png using Guid(9850aaab9e1a40140b94a7852e3cff2c) Importer(815301076,1909f56bfc062723c751e8b465ee728b)  -> (artifact id: '88d75c9f698f57ab12f42420ca0d287a') in 0.007628 seconds
  Import took 0.011963 seconds .

========================================================================
Received Import Request.
  Time since last request: 0.000240 seconds.
  path: Assets/Modelos3D/modelos 3d/haitian_cotton_ pixelixado_e_rotacionado.pxr128.png
  artifactKey: Guid(b2ce91577f457ec4dae40f6bcd3d2c88) Importer(815301076,1909f56bfc062723c751e8b465ee728b)
Start importing Assets/Modelos3D/modelos 3d/haitian_cotton_ pixelixado_e_rotacionado.pxr128.png using Guid(b2ce91577f457ec4dae40f6bcd3d2c88) Importer(815301076,1909f56bfc062723c751e8b465ee728b)  -> (artifact id: '6c53daeba1bd54816491cd1a63238d72') in 0.008830 seconds
  Import took 0.014037 seconds .

========================================================================
Received Import Request.
  Time since last request: 202.333172 seconds.
  path: Assets/Modelos3D/modelos 3d/fogao.fbx
  artifactKey: Guid(e4043f36aaa86ab469fad5a1b73100db) Importer(815301076,1909f56bfc062723c751e8b465ee728b)
Start importing Assets/Modelos3D/modelos 3d/fogao.fbx using Guid(e4043f36aaa86ab469fad5a1b73100db) Importer(815301076,1909f56bfc062723c751e8b465ee728b)  -> (artifact id: 'd4b26f4579b1ec08b21f4c4fb1134474') in 0.083357 seconds
  Import took 0.088150 seconds .

========================================================================
Received Import Request.
  Time since last request: 0.000290 seconds.
  path: Assets/Modelos3D/modelos 3d/fogao_textura1.png
  artifactKey: Guid(d3db25a18eb74064e9256ee7a4fb8fba) Importer(815301076,1909f56bfc062723c751e8b465ee728b)
Start importing Assets/Modelos3D/modelos 3d/fogao_textura1.png using Guid(d3db25a18eb74064e9256ee7a4fb8fba) Importer(815301076,1909f56bfc062723c751e8b465ee728b)  -> (artifact id: '7db836edd2c8bf0016d0aeeea07d43a6') in 0.008715 seconds
  Import took 0.014704 seconds .

========================================================================
Received Import Request.
  Time since last request: 0.000221 seconds.
  path: Assets/Modelos3D/modelos 3d/metal_fogao1.png
  artifactKey: Guid(78de8379633f2b243863a7d729f28141) Importer(815301076,1909f56bfc062723c751e8b465ee728b)
Start importing Assets/Modelos3D/modelos 3d/metal_fogao1.png using Guid(78de8379633f2b243863a7d729f28141) Importer(815301076,1909f56bfc062723c751e8b465ee728b)  -> (artifact id: 'f3000818ebc8158086d0302a70de01b8') in 0.008884 seconds
  Import took 0.014002 seconds .

========================================================================
Received Import Request.
  Time since last request: 0.000260 seconds.
  path: Assets/Modelos3D/modelos 3d/fogao2.jpg
  artifactKey: Guid(7b6d1d56c03977442b3bb5d065eb9dcd) Importer(815301076,1909f56bfc062723c751e8b465ee728b)
Start importing Assets/Modelos3D/modelos 3d/fogao2.jpg using Guid(7b6d1d56c03977442b3bb5d065eb9dcd) Importer(815301076,1909f56bfc062723c751e8b465ee728b)  -> (artifact id: '4ebac85efbbb1d2f61f2a12c4ac95f37') in 0.011627 seconds
  Import took 0.015872 seconds .

========================================================================
Received Import Request.
  Time since last request: 0.000428 seconds.
  path: Assets/Modelos3D/modelos 3d/metal_fogao2.png
  artifactKey: Guid(6baeffb9c2fe7b548a19a0ca8cbbb75a) Importer(815301076,1909f56bfc062723c751e8b465ee728b)
Start importing Assets/Modelos3D/modelos 3d/metal_fogao2.png using Guid(6baeffb9c2fe7b548a19a0ca8cbbb75a) Importer(815301076,1909f56bfc062723c751e8b465ee728b)  -> (artifact id: 'a55a8ef486ba6210bf7045dd807bf7a2') in 0.008725 seconds
  Import took 0.014072 seconds .

========================================================================
Received Import Request.
  Time since last request: 0.000323 seconds.
  path: Assets/Modelos3D/modelos 3d/fogao6.png
  artifactKey: Guid(9fcff938504f8d449bac4f50e0256b35) Importer(815301076,1909f56bfc062723c751e8b465ee728b)
Start importing Assets/Modelos3D/modelos 3d/fogao6.png using Guid(9fcff938504f8d449bac4f50e0256b35) Importer(815301076,1909f56bfc062723c751e8b465ee728b)  -> (artifact id: '67ad937b7dde8edaaec78514dee0689d') in 0.008025 seconds
  Import took 0.012042 seconds .

========================================================================
Received Import Request.
  Time since last request: 749.283562 seconds.
  path: Assets/Modelos3D/finalizados/novos finalizados/novos_modelos.fbx
  artifactKey: Guid(7c83a6f68ad342d4e8611f61646c4e49) Importer(815301076,1909f56bfc062723c751e8b465ee728b)
Start importing Assets/Modelos3D/finalizados/novos finalizados/novos_modelos.fbx using Guid(7c83a6f68ad342d4e8611f61646c4e49) Importer(815301076,1909f56bfc062723c751e8b465ee728b)  -> (artifact id: 'd8b5f313f4b852afcf3abe2a56aa6b75') in 0.316355 seconds
  Import took 0.322013 seconds .

========================================================================
Received Import Request.
  Time since last request: 0.000278 seconds.
  path: Assets/Modelos3D/finalizados/novos finalizados/madeira_texturaa2.png
  artifactKey: Guid(ff752c6bb722b2c4897afd523459c0c6) Importer(815301076,1909f56bfc062723c751e8b465ee728b)
Start importing Assets/Modelos3D/finalizados/novos finalizados/madeira_texturaa2.png using Guid(ff752c6bb722b2c4897afd523459c0c6) Importer(815301076,1909f56bfc062723c751e8b465ee728b)  -> (artifact id: '944e1ddd9e373a8bdcaeee77382bcb0f') in 0.006046 seconds
  Import took 0.009591 seconds .

========================================================================
Received Import Request.
  Time since last request: 0.000328 seconds.
  path: Assets/Modelos3D/finalizados/novos finalizados/prato.png
  artifactKey: Guid(44fcf389dfb06c043954c369d6de3a6a) Importer(815301076,1909f56bfc062723c751e8b465ee728b)
Start importing Assets/Modelos3D/finalizados/novos finalizados/prato.png using Guid(44fcf389dfb06c043954c369d6de3a6a) Importer(815301076,1909f56bfc062723c751e8b465ee728b)  -> (artifact id: 'b0209851e4c9dd32b292ec06094c2d67') in 0.007505 seconds
  Import took 0.012691 seconds .

========================================================================
Received Import Request.
  Time since last request: 0.000347 seconds.
  path: Assets/Modelos3D/finalizados/novos finalizados/tapete_textura.png
  artifactKey: Guid(6283fc0fc15292e43b13ea06125b2f05) Importer(815301076,1909f56bfc062723c751e8b465ee728b)
Start importing Assets/Modelos3D/finalizados/novos finalizados/tapete_textura.png using Guid(6283fc0fc15292e43b13ea06125b2f05) Importer(815301076,1909f56bfc062723c751e8b465ee728b)  -> (artifact id: 'e4d09132a90ab08bb9fb3ee46c5f61ba') in 0.006479 seconds
  Import took 0.010841 seconds .

========================================================================
Received Import Request.
  Time since last request: 0.000381 seconds.
  path: Assets/Modelos3D/finalizados/novos finalizados/jornal3.jpg
  artifactKey: Guid(453582d1ff8374f4ba588190919c8fa6) Importer(815301076,1909f56bfc062723c751e8b465ee728b)
Start importing Assets/Modelos3D/finalizados/novos finalizados/jornal3.jpg using Guid(453582d1ff8374f4ba588190919c8fa6) Importer(815301076,1909f56bfc062723c751e8b465ee728b)  -> (artifact id: 'c4be7de8fde8ebfeb744c13139df40a3') in 0.006997 seconds
  Import took 0.012390 seconds .

========================================================================
Received Import Request.
  Time since last request: 0.000325 seconds.
  path: Assets/Modelos3D/finalizados/novos finalizados/metais_talher.png
  artifactKey: Guid(e9c93ba718466a14a8da72a3a1e750f9) Importer(815301076,1909f56bfc062723c751e8b465ee728b)
Start importing Assets/Modelos3D/finalizados/novos finalizados/metais_talher.png using Guid(e9c93ba718466a14a8da72a3a1e750f9) Importer(815301076,1909f56bfc062723c751e8b465ee728b)  -> (artifact id: '8ab52cd4ded05730410cf5818a0d4deb') in 0.007486 seconds
  Import took 0.012308 seconds .

========================================================================
Received Import Request.
  Time since last request: 0.000337 seconds.
  path: Assets/Modelos3D/finalizados/novos finalizados/fogao2.jpg
  artifactKey: Guid(7532881a2ef2697428728902ec2dbd4e) Importer(815301076,1909f56bfc062723c751e8b465ee728b)
Start importing Assets/Modelos3D/finalizados/novos finalizados/fogao2.jpg using Guid(7532881a2ef2697428728902ec2dbd4e) Importer(815301076,1909f56bfc062723c751e8b465ee728b)  -> (artifact id: 'a553ee17461dd453b8ef35135a3667ea') in 0.007327 seconds
  Import took 0.011995 seconds .

========================================================================
Received Import Request.
  Time since last request: 0.000297 seconds.
  path: Assets/Modelos3D/finalizados/novos finalizados/madeira_texturaa.png
  artifactKey: Guid(03521386ccf317c47990ed0ff06dabd1) Importer(815301076,1909f56bfc062723c751e8b465ee728b)
Start importing Assets/Modelos3D/finalizados/novos finalizados/madeira_texturaa.png using Guid(03521386ccf317c47990ed0ff06dabd1) Importer(815301076,1909f56bfc062723c751e8b465ee728b)  -> (artifact id: '88d3d463b039de63a5a297b3441e9cdd') in 0.006536 seconds
  Import took 0.010581 seconds .

========================================================================
Received Import Request.
  Time since last request: 0.000282 seconds.
  path: Assets/Modelos3D/finalizados/novos finalizados/carta_textura1.png
  artifactKey: Guid(91b5c59434062a946b7e7cd98928f558) Importer(815301076,1909f56bfc062723c751e8b465ee728b)
Start importing Assets/Modelos3D/finalizados/novos finalizados/carta_textura1.png using Guid(91b5c59434062a946b7e7cd98928f558) Importer(815301076,1909f56bfc062723c751e8b465ee728b)  -> (artifact id: '409cd715cf02b5dec35f1e34c03f1a70') in 0.006807 seconds
  Import took 0.011499 seconds .

========================================================================
Received Import Request.
  Time since last request: 0.000349 seconds.
  path: Assets/Modelos3D/finalizados/novos finalizados/jornal1.png
  artifactKey: Guid(ae4fc215f08c9b84c8f5ba7371db7e4b) Importer(815301076,1909f56bfc062723c751e8b465ee728b)
Start importing Assets/Modelos3D/finalizados/novos finalizados/jornal1.png using Guid(ae4fc215f08c9b84c8f5ba7371db7e4b) Importer(815301076,1909f56bfc062723c751e8b465ee728b)  -> (artifact id: 'd24de4bbafb7871ad11ca8de8834c229') in 0.008237 seconds
  Import took 0.014215 seconds .

========================================================================
Received Import Request.
  Time since last request: 0.000349 seconds.
  path: Assets/Modelos3D/finalizados/novos finalizados/carta_textura4.png
  artifactKey: Guid(49a4292da55802540aad10ee6700457c) Importer(815301076,1909f56bfc062723c751e8b465ee728b)
Start importing Assets/Modelos3D/finalizados/novos finalizados/carta_textura4.png using Guid(49a4292da55802540aad10ee6700457c) Importer(815301076,1909f56bfc062723c751e8b465ee728b)  -> (artifact id: 'd716892f392e8bf19e095282031189fb') in 0.010050 seconds
  Import took 0.014726 seconds .

========================================================================
Received Import Request.
  Time since last request: 0.000338 seconds.
  path: Assets/Modelos3D/finalizados/novos finalizados/madeira_texturaa1.png
  artifactKey: Guid(cc247b397615dd64298e89d85ecf722e) Importer(815301076,1909f56bfc062723c751e8b465ee728b)
Start importing Assets/Modelos3D/finalizados/novos finalizados/madeira_texturaa1.png using Guid(cc247b397615dd64298e89d85ecf722e) Importer(815301076,1909f56bfc062723c751e8b465ee728b)  -> (artifact id: '41874d995c1f6deaa154f2ae7eecaed2') in 0.009173 seconds
  Import took 0.015320 seconds .

========================================================================
Received Import Request.
  Time since last request: 0.000302 seconds.
  path: Assets/Modelos3D/finalizados/novos finalizados/carta_textura2.png
  artifactKey: Guid(b95493b8d2f3b9f4ba3a03aaf76e8781) Importer(815301076,1909f56bfc062723c751e8b465ee728b)
Start importing Assets/Modelos3D/finalizados/novos finalizados/carta_textura2.png using Guid(b95493b8d2f3b9f4ba3a03aaf76e8781) Importer(815301076,1909f56bfc062723c751e8b465ee728b)  -> (artifact id: '3d6b863cdfe150311f0081456a91952b') in 0.010416 seconds
  Import took 0.016221 seconds .

========================================================================
Received Import Request.
  Time since last request: 0.000531 seconds.
  path: Assets/Modelos3D/finalizados/novos finalizados/carta_textura3.png
  artifactKey: Guid(09d22125614125a428b560d0502d6bc8) Importer(815301076,1909f56bfc062723c751e8b465ee728b)
Start importing Assets/Modelos3D/finalizados/novos finalizados/carta_textura3.png using Guid(09d22125614125a428b560d0502d6bc8) Importer(815301076,1909f56bfc062723c751e8b465ee728b)  -> (artifact id: '71442fdb32c3c298434f795f6a8ab736') in 0.011741 seconds
  Import took 0.019064 seconds .

========================================================================
Received Import Request.
  Time since last request: 0.000307 seconds.
  path: Assets/Modelos3D/finalizados/novos finalizados/jornal2.png
  artifactKey: Guid(32ba00e7f6d76604a8a98ce5eac1192f) Importer(815301076,1909f56bfc062723c751e8b465ee728b)
Start importing Assets/Modelos3D/finalizados/novos finalizados/jornal2.png using Guid(32ba00e7f6d76604a8a98ce5eac1192f) Importer(815301076,1909f56bfc062723c751e8b465ee728b)  -> (artifact id: 'ed7aa0d1f4bb431d00127c76efb6eac1') in 0.009598 seconds
  Import took 0.016363 seconds .

========================================================================
Received Import Request.
  Time since last request: 0.000221 seconds.
  path: Assets/Modelos3D/finalizados/novos finalizados/carta_textura3.png
  artifactKey: Guid(09d22125614125a428b560d0502d6bc8) Importer(815301076,1909f56bfc062723c751e8b465ee728b)
Start importing Assets/Modelos3D/finalizados/novos finalizados/carta_textura3.png using Guid(09d22125614125a428b560d0502d6bc8) Importer(815301076,1909f56bfc062723c751e8b465ee728b)  -> (artifact id: '71442fdb32c3c298434f795f6a8ab736') in 0.008526 seconds
  Import took 0.013606 seconds .

========================================================================
Received Import Request.
  Time since last request: 0.000273 seconds.
  path: Assets/Modelos3D/finalizados/novos finalizados/fogao6.png
  artifactKey: Guid(694739d7e629e904ea79f784a374627f) Importer(815301076,1909f56bfc062723c751e8b465ee728b)
Start importing Assets/Modelos3D/finalizados/novos finalizados/fogao6.png using Guid(694739d7e629e904ea79f784a374627f) Importer(815301076,1909f56bfc062723c751e8b465ee728b)  -> (artifact id: 'c8a21a8097dd834629c07955ff5a81d7') in 0.008454 seconds
  Import took 0.013571 seconds .

========================================================================
Received Import Request.
  Time since last request: 0.000214 seconds.
  path: Assets/Modelos3D/finalizados/novos finalizados/fogao_textura1.png
  artifactKey: Guid(a6c5f5e7b6e73d74e8f4d9af913e0fdf) Importer(815301076,1909f56bfc062723c751e8b465ee728b)
Start importing Assets/Modelos3D/finalizados/novos finalizados/fogao_textura1.png using Guid(a6c5f5e7b6e73d74e8f4d9af913e0fdf) Importer(815301076,1909f56bfc062723c751e8b465ee728b)  -> (artifact id: '7281c16e30d3c5158d80b2a7b85e5067') in 0.006978 seconds
  Import took 0.011530 seconds .

========================================================================
Received Import Request.
  Time since last request: 0.000246 seconds.
  path: Assets/Modelos3D/finalizados/novos finalizados/fogao6.png
  artifactKey: Guid(694739d7e629e904ea79f784a374627f) Importer(815301076,1909f56bfc062723c751e8b465ee728b)
Start importing Assets/Modelos3D/finalizados/novos finalizados/fogao6.png using Guid(694739d7e629e904ea79f784a374627f) Importer(815301076,1909f56bfc062723c751e8b465ee728b)  -> (artifact id: 'c8a21a8097dd834629c07955ff5a81d7') in 0.007896 seconds
  Import took 0.014779 seconds .

========================================================================
Received Import Request.
  Time since last request: 0.014757 seconds.
  path: Assets/Modelos3D/finalizados/novos finalizados/fogao_textura1.png
  artifactKey: Guid(a6c5f5e7b6e73d74e8f4d9af913e0fdf) Importer(815301076,1909f56bfc062723c751e8b465ee728b)
Start importing Assets/Modelos3D/finalizados/novos finalizados/fogao_textura1.png using Guid(a6c5f5e7b6e73d74e8f4d9af913e0fdf) Importer(815301076,1909f56bfc062723c751e8b465ee728b)  -> (artifact id: '7281c16e30d3c5158d80b2a7b85e5067') in 0.007994 seconds
  Import took 0.013173 seconds .

========================================================================
Received Import Request.
  Time since last request: 77.310417 seconds.
  path: Assets/Modelos3D/modelos 3d/armario_cozinha.fbx
  artifactKey: Guid(4cd6eb4caa9fe2649865a4d2a8f2d606) Importer(815301076,1909f56bfc062723c751e8b465ee728b)
Start importing Assets/Modelos3D/modelos 3d/armario_cozinha.fbx using Guid(4cd6eb4caa9fe2649865a4d2a8f2d606) Importer(815301076,1909f56bfc062723c751e8b465ee728b)  -> (artifact id: 'f181ce21a3d6030d7f51021895508c8b') in 0.046952 seconds
  Import took 0.051443 seconds .

========================================================================
Received Import Request.
  Time since last request: 0.000236 seconds.
  path: Assets/Modelos3D/modelos 3d/madeira_armario.png
  artifactKey: Guid(d88de9682521b1742995f2156199c030) Importer(815301076,1909f56bfc062723c751e8b465ee728b)
Start importing Assets/Modelos3D/modelos 3d/madeira_armario.png using Guid(d88de9682521b1742995f2156199c030) Importer(815301076,1909f56bfc062723c751e8b465ee728b)  -> (artifact id: '5ff64b53986fbc85db63e4c3f6806937') in 0.008549 seconds
  Import took 0.012736 seconds .

========================================================================
Received Import Request.
  Time since last request: 447.781679 seconds.
  path: Assets/Modelos3D/modelos 3d/cortina.fbx
  artifactKey: Guid(68c3835ec9eeb484a9f517e458cd3521) Importer(815301076,1909f56bfc062723c751e8b465ee728b)
Start importing Assets/Modelos3D/modelos 3d/cortina.fbx using Guid(68c3835ec9eeb484a9f517e458cd3521) Importer(815301076,1909f56bfc062723c751e8b465ee728b)  -> (artifact id: 'a10e6cef8531b69e4cacbe287f0190a5') in 0.064670 seconds
  Import took 0.069441 seconds .

========================================================================
Received Import Request.
  Time since last request: 0.000265 seconds.
  path: Assets/Modelos3D/modelos 3d/pin strip pixar 128 pixelizado e cores alteradas.png
  artifactKey: Guid(8e674cceaec041d4b97c5851ece0992e) Importer(815301076,1909f56bfc062723c751e8b465ee728b)
Start importing Assets/Modelos3D/modelos 3d/pin strip pixar 128 pixelizado e cores alteradas.png using Guid(8e674cceaec041d4b97c5851ece0992e) Importer(815301076,1909f56bfc062723c751e8b465ee728b)  -> (artifact id: 'ea0d96517e96e52561573266a5968101') in 0.007687 seconds
  Import took 0.013148 seconds .

========================================================================
Received Import Request.
  Time since last request: 0.000269 seconds.
  path: Assets/Modelos3D/modelos 3d/metais_talher_azul.png
  artifactKey: Guid(4b833217dd7e340439520047a5ad1461) Importer(815301076,1909f56bfc062723c751e8b465ee728b)
Start importing Assets/Modelos3D/modelos 3d/metais_talher_azul.png using Guid(4b833217dd7e340439520047a5ad1461) Importer(815301076,1909f56bfc062723c751e8b465ee728b)  -> (artifact id: '0142f8e9550d1aa0193d4c1275d36055') in 0.021926 seconds
  Import took 0.034982 seconds .

========================================================================
Received Import Request.
  Time since last request: 57.012516 seconds.
  path: Assets/Modelos3D/modelos 3d/panelas.fbx
  artifactKey: Guid(21fe27a0c67328a439b37c29672f7ffe) Importer(815301076,1909f56bfc062723c751e8b465ee728b)
Start importing Assets/Modelos3D/modelos 3d/panelas.fbx using Guid(21fe27a0c67328a439b37c29672f7ffe) Importer(815301076,1909f56bfc062723c751e8b465ee728b)  -> (artifact id: 'c82d8a99cdb7fb8974cb6e286c5180f8') in 0.081924 seconds
  Import took 0.090733 seconds .

========================================================================
Received Import Request.
  Time since last request: 0.000427 seconds.
  path: Assets/Modelos3D/modelos 3d/metais_talher_enferrujados.png
  artifactKey: Guid(5219286305087944b9ef906c3cad4dc8) Importer(815301076,1909f56bfc062723c751e8b465ee728b)
Start importing Assets/Modelos3D/modelos 3d/metais_talher_enferrujados.png using Guid(5219286305087944b9ef906c3cad4dc8) Importer(815301076,1909f56bfc062723c751e8b465ee728b)  -> (artifact id: '744a998be5ce425d14599a41cdaef097') in 0.016036 seconds
  Import took 0.026276 seconds .

========================================================================
Received Import Request.
  Time since last request: 222.141083 seconds.
  path: Assets/Modelos3D/modelos 3d/cabideiro.fbx
  artifactKey: Guid(dd34df014b39e9648ad2ebdaf680e4ba) Importer(815301076,1909f56bfc062723c751e8b465ee728b)
Start importing Assets/Modelos3D/modelos 3d/cabideiro.fbx using Guid(dd34df014b39e9648ad2ebdaf680e4ba) Importer(815301076,1909f56bfc062723c751e8b465ee728b)  -> (artifact id: 'ab5f34bf0ad3c136fde292559cadff1b') in 0.103998 seconds
  Import took 0.108722 seconds .

========================================================================
Received Import Request.
  Time since last request: 0.000283 seconds.
  path: Assets/Modelos3D/modelos 3d/Banco.jpg.png
  artifactKey: Guid(50bd35a1e86275a438f66ac5f372aa18) Importer(815301076,1909f56bfc062723c751e8b465ee728b)
Start importing Assets/Modelos3D/modelos 3d/Banco.jpg.png using Guid(50bd35a1e86275a438f66ac5f372aa18) Importer(815301076,1909f56bfc062723c751e8b465ee728b)  -> (artifact id: '47c5f50fd0bc0798f9cf8cd1136776dd') in 0.008982 seconds
  Import took 0.012834 seconds .

========================================================================
Received Import Request.
  Time since last request: 0.000313 seconds.
  path: Assets/Modelos3D/modelos 3d/Checked_cotton_pxr128.pixelizado1_bmp.png
  artifactKey: Guid(7a5ba26571f2da347a3231b088b5421a) Importer(815301076,1909f56bfc062723c751e8b465ee728b)
Start importing Assets/Modelos3D/modelos 3d/Checked_cotton_pxr128.pixelizado1_bmp.png using Guid(7a5ba26571f2da347a3231b088b5421a) Importer(815301076,1909f56bfc062723c751e8b465ee728b)  -> (artifact id: 'd4bdf977f20d8f1467c7224af2f2fa97') in 0.011809 seconds
  Import took 0.016567 seconds .

========================================================================
Received Import Request.
  Time since last request: 0.000388 seconds.
  path: Assets/Modelos3D/modelos 3d/madeira mais escura 1.png
  artifactKey: Guid(c200bdbda9979894a8af923051573e23) Importer(815301076,1909f56bfc062723c751e8b465ee728b)
Start importing Assets/Modelos3D/modelos 3d/madeira mais escura 1.png using Guid(c200bdbda9979894a8af923051573e23) Importer(815301076,1909f56bfc062723c751e8b465ee728b)  -> (artifact id: '80b44ddd778f7a6b6376b35ccb09cf16') in 0.009396 seconds
  Import took 0.014237 seconds .

========================================================================
Received Import Request.
  Time since last request: 85.115183 seconds.
  path: Assets/Modelos3D/modelos 3d/armario_banheiro.fbx
  artifactKey: Guid(131d4ad5c3965604aa3c9e5e543570ba) Importer(815301076,1909f56bfc062723c751e8b465ee728b)
Start importing Assets/Modelos3D/modelos 3d/armario_banheiro.fbx using Guid(131d4ad5c3965604aa3c9e5e543570ba) Importer(815301076,1909f56bfc062723c751e8b465ee728b)  -> (artifact id: '191f209f9a3f853842a5e643696f173a') in 0.079954 seconds
  Import took 0.084754 seconds .

========================================================================
Received Import Request.
  Time since last request: 0.000274 seconds.
  path: Assets/Modelos3D/modelos 3d/metais_talher_enferrujados 1.png
  artifactKey: Guid(4dd552b78461e5144af5f318915cdb54) Importer(815301076,1909f56bfc062723c751e8b465ee728b)
Start importing Assets/Modelos3D/modelos 3d/metais_talher_enferrujados 1.png using Guid(4dd552b78461e5144af5f318915cdb54) Importer(815301076,1909f56bfc062723c751e8b465ee728b)  -> (artifact id: '450bda0c52db5e694d76a8819fa6ea49') in 0.008061 seconds
  Import took 0.012281 seconds .

========================================================================
Received Import Request.
  Time since last request: 0.000239 seconds.
  path: Assets/Modelos3D/modelos 3d/metais_talher.png
  artifactKey: Guid(7dbf68649382c3641907444b01498324) Importer(815301076,1909f56bfc062723c751e8b465ee728b)
Start importing Assets/Modelos3D/modelos 3d/metais_talher.png using Guid(7dbf68649382c3641907444b01498324) Importer(815301076,1909f56bfc062723c751e8b465ee728b)  -> (artifact id: '8ec8932a385987f8b8c0d8c9df95cdfb') in 0.008743 seconds
  Import took 0.013461 seconds .

========================================================================
Received Import Request.
  Time since last request: 0.000326 seconds.
  path: Assets/Modelos3D/modelos 3d/Jade_cloth_pixelizacao_e_alteracao_de_cor_v4.pxr128.png
  artifactKey: Guid(bf927f76a90c8474290566039985df0b) Importer(815301076,1909f56bfc062723c751e8b465ee728b)
Start importing Assets/Modelos3D/modelos 3d/Jade_cloth_pixelizacao_e_alteracao_de_cor_v4.pxr128.png using Guid(bf927f76a90c8474290566039985df0b) Importer(815301076,1909f56bfc062723c751e8b465ee728b)  -> (artifact id: '6f87b63d47e0572254c8b0b27dc3bae5') in 0.008492 seconds
  Import took 0.012628 seconds .

========================================================================
Received Import Request.
  Time since last request: 0.000243 seconds.
  path: Assets/Modelos3D/modelos 3d/Banco.jpg 1.png
  artifactKey: Guid(1f164f5005e34d04a82b120429bf2b49) Importer(815301076,1909f56bfc062723c751e8b465ee728b)
Start importing Assets/Modelos3D/modelos 3d/Banco.jpg 1.png using Guid(1f164f5005e34d04a82b120429bf2b49) Importer(815301076,1909f56bfc062723c751e8b465ee728b)  -> (artifact id: '310fd48b68381c197373fb76c44f2b10') in 0.013248 seconds
  Import took 0.017446 seconds .

========================================================================
Received Import Request.
  Time since last request: 0.007030 seconds.
  path: Assets/Modelos3D/modelos 3d/Jade_cloth_pixelizacao_e_alteracao_de_cor_v4.pxr128.png
  artifactKey: Guid(bf927f76a90c8474290566039985df0b) Importer(815301076,1909f56bfc062723c751e8b465ee728b)
Start importing Assets/Modelos3D/modelos 3d/Jade_cloth_pixelizacao_e_alteracao_de_cor_v4.pxr128.png using Guid(bf927f76a90c8474290566039985df0b) Importer(815301076,1909f56bfc062723c751e8b465ee728b)  -> (artifact id: '6f87b63d47e0572254c8b0b27dc3bae5') in 0.009788 seconds
  Import took 0.016665 seconds .

========================================================================
Received Import Request.
  Time since last request: 107.015776 seconds.
  path: Assets/Modelos3D/modelos 3d/saboneteira.fbx
  artifactKey: Guid(f2f1a46aee9b0274da5eb96e240bf92e) Importer(815301076,1909f56bfc062723c751e8b465ee728b)
Start importing Assets/Modelos3D/modelos 3d/saboneteira.fbx using Guid(f2f1a46aee9b0274da5eb96e240bf92e) Importer(815301076,1909f56bfc062723c751e8b465ee728b)  -> (artifact id: '63b5ba7df8b186147f0e5a9af621f7b1') in 0.029129 seconds
  Import took 0.034148 seconds .

========================================================================
Received Import Request.
  Time since last request: 34.170835 seconds.
  path: Assets/Modelos3D/modelos 3d/novo_relogio_alarme.fbx
  artifactKey: Guid(cbc7d3068d22eca4789531d337d6d762) Importer(815301076,1909f56bfc062723c751e8b465ee728b)
Start importing Assets/Modelos3D/modelos 3d/novo_relogio_alarme.fbx using Guid(cbc7d3068d22eca4789531d337d6d762) Importer(815301076,1909f56bfc062723c751e8b465ee728b)  -> (artifact id: '2d8cfbb55c9ed48eac1b13d92fad8781') in 0.047639 seconds
  Import took 0.052587 seconds .

========================================================================
Received Import Request.
  Time since last request: 0.000245 seconds.
  path: Assets/Modelos3D/modelos 3d/metais_talher_ouro.png
  artifactKey: Guid(da1982f867dd880459ddddc4ab0a0a77) Importer(815301076,1909f56bfc062723c751e8b465ee728b)
Start importing Assets/Modelos3D/modelos 3d/metais_talher_ouro.png using Guid(da1982f867dd880459ddddc4ab0a0a77) Importer(815301076,1909f56bfc062723c751e8b465ee728b)  -> (artifact id: 'be706d8f8d43468d965a3b4fa2321204') in 0.009512 seconds
  Import took 0.015667 seconds .

========================================================================
Received Import Request.
  Time since last request: 0.000273 seconds.
  path: Assets/Modelos3D/modelos 3d/metais_talher 1.png
  artifactKey: Guid(fb308b83dc7ddf94c9ce675492535158) Importer(815301076,1909f56bfc062723c751e8b465ee728b)
Start importing Assets/Modelos3D/modelos 3d/metais_talher 1.png using Guid(fb308b83dc7ddf94c9ce675492535158) Importer(815301076,1909f56bfc062723c751e8b465ee728b)  -> (artifact id: 'f8e08d9b2645b34a76dc25c07bbeec0f') in 0.012415 seconds
  Import took 0.019478 seconds .

========================================================================
Received Import Request.
  Time since last request: 0.000389 seconds.
  path: Assets/Modelos3D/modelos 3d/relogio_textura_alarme2.png
  artifactKey: Guid(9354361627fdde44c9f710b009640511) Importer(815301076,1909f56bfc062723c751e8b465ee728b)
Start importing Assets/Modelos3D/modelos 3d/relogio_textura_alarme2.png using Guid(9354361627fdde44c9f710b009640511) Importer(815301076,1909f56bfc062723c751e8b465ee728b)  -> (artifact id: 'd16744f532e0865bdb94e3ea08c7b7e1') in 0.009925 seconds
  Import took 0.014929 seconds .

========================================================================
Received Import Request.
  Time since last request: 0.002742 seconds.
  path: Assets/Modelos3D/modelos 3d/metais_talher_ouro.png
  artifactKey: Guid(da1982f867dd880459ddddc4ab0a0a77) Importer(815301076,1909f56bfc062723c751e8b465ee728b)
Start importing Assets/Modelos3D/modelos 3d/metais_talher_ouro.png using Guid(da1982f867dd880459ddddc4ab0a0a77) Importer(815301076,1909f56bfc062723c751e8b465ee728b)  -> (artifact id: 'be706d8f8d43468d965a3b4fa2321204') in 0.010415 seconds
  Import took 0.015207 seconds .

========================================================================
Received Import Request.
  Time since last request: 0.016377 seconds.
  path: Assets/Modelos3D/modelos 3d/relogio_textura_alarme2.png
  artifactKey: Guid(9354361627fdde44c9f710b009640511) Importer(815301076,1909f56bfc062723c751e8b465ee728b)
Start importing Assets/Modelos3D/modelos 3d/relogio_textura_alarme2.png using Guid(9354361627fdde44c9f710b009640511) Importer(815301076,1909f56bfc062723c751e8b465ee728b)  -> (artifact id: 'd16744f532e0865bdb94e3ea08c7b7e1') in 0.007963 seconds
  Import took 0.012659 seconds .

========================================================================
Received Import Request.
  Time since last request: 32.576768 seconds.
  path: Assets/Modelos3D/modelos 3d/Gray_swirl_marble_alteracao_e_pielizacao.pxr128.png
  artifactKey: Guid(d69c4c2771e73b1428be60c9558873e1) Importer(815301076,1909f56bfc062723c751e8b465ee728b)
Start importing Assets/Modelos3D/modelos 3d/Gray_swirl_marble_alteracao_e_pielizacao.pxr128.png using Guid(d69c4c2771e73b1428be60c9558873e1) Importer(815301076,1909f56bfc062723c751e8b465ee728b)  -> (artifact id: '772e6e34b34eddd34e6e9ca007ea8070') in 0.007420 seconds
  Import took 0.011851 seconds .

========================================================================
Received Import Request.
  Time since last request: 65.288542 seconds.
  path: Assets/Modelos3D/modelos 3d/roupas.fbx
  artifactKey: Guid(465d48c5c9278b94b8b9eee9c52c06aa) Importer(815301076,1909f56bfc062723c751e8b465ee728b)
Start importing Assets/Modelos3D/modelos 3d/roupas.fbx using Guid(465d48c5c9278b94b8b9eee9c52c06aa) Importer(815301076,1909f56bfc062723c751e8b465ee728b)  -> (artifact id: '63b7233dbb3ce2d0f7a2fd1f3095257a') in 0.072855 seconds
  Import took 0.078780 seconds .

========================================================================
Received Import Request.
  Time since last request: 0.000287 seconds.
  path: Assets/Modelos3D/modelos 3d/metais_talher_azul 1.png
  artifactKey: Guid(834c134c350f68545b2a41e66539373a) Importer(815301076,1909f56bfc062723c751e8b465ee728b)
Start importing Assets/Modelos3D/modelos 3d/metais_talher_azul 1.png using Guid(834c134c350f68545b2a41e66539373a) Importer(815301076,1909f56bfc062723c751e8b465ee728b)  -> (artifact id: 'd1b6ccc8e02f1f60dc909717d6617894') in 0.009204 seconds
  Import took 0.014396 seconds .

========================================================================
Received Import Request.
  Time since last request: 0.000342 seconds.
  path: Assets/Modelos3D/modelos 3d/Veludo Vermelho Pixelizado pixar 128.png
  artifactKey: Guid(ad4af1279952587488de2d5ed4741b0b) Importer(815301076,1909f56bfc062723c751e8b465ee728b)
Start importing Assets/Modelos3D/modelos 3d/Veludo Vermelho Pixelizado pixar 128.png using Guid(ad4af1279952587488de2d5ed4741b0b) Importer(815301076,1909f56bfc062723c751e8b465ee728b)  -> (artifact id: '65a9d21ed045c99e2103371781cb1d34') in 0.009874 seconds
  Import took 0.015641 seconds .

========================================================================
Received Import Request.
  Time since last request: 0.000331 seconds.
  path: Assets/Modelos3D/modelos 3d/Spots_alteracao_de_decor_e_pixelizacao.pxr128.png
  artifactKey: Guid(df5d7db0a261c214db95a4b76d2f1056) Importer(815301076,1909f56bfc062723c751e8b465ee728b)
Start importing Assets/Modelos3D/modelos 3d/Spots_alteracao_de_decor_e_pixelizacao.pxr128.png using Guid(df5d7db0a261c214db95a4b76d2f1056) Importer(815301076,1909f56bfc062723c751e8b465ee728b)  -> (artifact id: 'cd6c9b29236467edc4f57616869caf6e') in 0.011702 seconds
  Import took 0.016995 seconds .

========================================================================
Received Import Request.
  Time since last request: 0.000447 seconds.
  path: Assets/Modelos3D/modelos 3d/Spots_alteracao_de_decor_e_pixelizacao.pxr128.png
  artifactKey: Guid(df5d7db0a261c214db95a4b76d2f1056) Importer(815301076,1909f56bfc062723c751e8b465ee728b)
Start importing Assets/Modelos3D/modelos 3d/Spots_alteracao_de_decor_e_pixelizacao.pxr128.png using Guid(df5d7db0a261c214db95a4b76d2f1056) Importer(815301076,1909f56bfc062723c751e8b465ee728b)  -> (artifact id: 'cd6c9b29236467edc4f57616869caf6e') in 0.011149 seconds
  Import took 0.016341 seconds .

========================================================================
Received Import Request.
  Time since last request: 178.400097 seconds.
  path: Assets/Scripts/Puzzle2.cs
  artifactKey: Guid(b6aaec672cd8a5f45a5ad3d25bc0abb5) Importer(815301076,1909f56bfc062723c751e8b465ee728b)
Start importing Assets/Scripts/Puzzle2.cs using Guid(b6aaec672cd8a5f45a5ad3d25bc0abb5) Importer(815301076,1909f56bfc062723c751e8b465ee728b)  -> (artifact id: '34f30a8f411cf4800d92e498e98d5ebb') in 0.006759 seconds
  Import took 0.011825 seconds .

========================================================================
Received Prepare
Registering precompiled user dll's ...
Registered in 0.001352 seconds.
Begin MonoManager ReloadAssembly
Native extension for LinuxStandalone target not found
Native extension for WindowsStandalone target not found
Refreshing native plugins compatible for Editor in 0.43 ms, found 0 plugins.
Preloading 0 native plugins for Editor in 0.00 ms.
Invoked RoslynAnalysisRunner static constructor.
RoslynAnalysisRunner will not be running.
RoslynAnalysisRunner has terminated.
Mono: successfully reloaded assembly
- Completed reload, in  0.985 seconds
Platform modules already initialized, skipping
Shader 'Universal Render Pipeline/Particles/Lit': fallback shader 'Universal Render Pipeline/Particles/SimpleLit' not found
Refreshing native plugins compatible for Editor in 0.49 ms, found 0 plugins.
Preloading 0 native plugins for Editor in 0.00 ms.
Unloading 2434 Unused Serialized files (Serialized files now loaded: 0)
System memory in use before: 123.4 MB.
System memory in use after: 123.6 MB.

Unloading 6 unused Assets to reduce memory usage. Loaded Objects now: 3178.
Total: 2.627500 ms (FindLiveObjects: 0.388500 ms CreateObjectMapping: 0.153900 ms MarkObjects: 2.018800 ms  DeleteObjects: 0.065300 ms)

========================================================================
Received Import Request.
  Time since last request: 93.158483 seconds.
  path: Assets/Scripts/TriggerBhvr.cs
  artifactKey: Guid(064302c1682906f4d9376645e5a07d8a) Importer(815301076,1909f56bfc062723c751e8b465ee728b)
Start importing Assets/Scripts/TriggerBhvr.cs using Guid(064302c1682906f4d9376645e5a07d8a) Importer(815301076,1909f56bfc062723c751e8b465ee728b)  -> (artifact id: 'ccfe226a5fd617c22b7bdae5e6bc0eb2') in 0.003985 seconds
  Import took 0.007388 seconds .

========================================================================
Received Prepare
Shader 'Universal Render Pipeline/Particles/Lit': fallback shader 'Universal Render Pipeline/Particles/SimpleLit' not found
Refreshing native plugins compatible for Editor in 1.40 ms, found 0 plugins.
Preloading 0 native plugins for Editor in 0.00 ms.
Unloading 4 Unused Serialized files (Serialized files now loaded: 0)
System memory in use before: 75.4 MB.
System memory in use after: 75.7 MB.

Unloading 4 unused Assets to reduce memory usage. Loaded Objects now: 3178.
Total: 2.792700 ms (FindLiveObjects: 0.331200 ms CreateObjectMapping: 0.124700 ms MarkObjects: 2.279400 ms  DeleteObjects: 0.056600 ms)

========================================================================
Received Import Request.
  Time since last request: 171.372699 seconds.
  path: Assets/Scenes/SampleScene.unity
  artifactKey: Guid(9fc0d4010bbf28b4594072e72b8655ab) Importer(815301076,1909f56bfc062723c751e8b465ee728b)
Start importing Assets/Scenes/SampleScene.unity using Guid(9fc0d4010bbf28b4594072e72b8655ab) Importer(815301076,1909f56bfc062723c751e8b465ee728b)  -> (artifact id: '742500d3e96ab73c401e32459c3b3385') in 0.018643 seconds
  Import took 0.022694 seconds .

========================================================================
Received Prepare
Registering precompiled user dll's ...
Registered in 0.001611 seconds.
Begin MonoManager ReloadAssembly
Native extension for LinuxStandalone target not found
Native extension for WindowsStandalone target not found
Refreshing native plugins compatible for Editor in 0.44 ms, found 0 plugins.
Preloading 0 native plugins for Editor in 0.00 ms.
Invoked RoslynAnalysisRunner static constructor.
RoslynAnalysisRunner will not be running.
RoslynAnalysisRunner has terminated.
Mono: successfully reloaded assembly
- Completed reload, in  0.998 seconds
Platform modules already initialized, skipping
Shader 'Universal Render Pipeline/Particles/Lit': fallback shader 'Universal Render Pipeline/Particles/SimpleLit' not found
Refreshing native plugins compatible for Editor in 0.46 ms, found 0 plugins.
Preloading 0 native plugins for Editor in 0.00 ms.
Unloading 2434 Unused Serialized files (Serialized files now loaded: 0)
System memory in use before: 123.4 MB.
System memory in use after: 123.6 MB.

Unloading 6 unused Assets to reduce memory usage. Loaded Objects now: 3183.
Total: 3.068500 ms (FindLiveObjects: 0.312200 ms CreateObjectMapping: 0.134400 ms MarkObjects: 2.556500 ms  DeleteObjects: 0.064500 ms)

========================================================================
Received Import Request.
  Time since last request: 58.894743 seconds.
  path: Assets/Scenes/SampleScene.unity
  artifactKey: Guid(9fc0d4010bbf28b4594072e72b8655ab) Importer(815301076,1909f56bfc062723c751e8b465ee728b)
Start importing Assets/Scenes/SampleScene.unity using Guid(9fc0d4010bbf28b4594072e72b8655ab) Importer(815301076,1909f56bfc062723c751e8b465ee728b)  -> (artifact id: 'bdc0bfe092b28814c50adaa08d9a62ce') in 0.021991 seconds
  Import took 0.026238 seconds .

========================================================================
Received Prepare
Registering precompiled user dll's ...
Registered in 0.001465 seconds.
Begin MonoManager ReloadAssembly
Native extension for LinuxStandalone target not found
Native extension for WindowsStandalone target not found
Refreshing native plugins compatible for Editor in 0.62 ms, found 0 plugins.
Preloading 0 native plugins for Editor in 0.00 ms.
Invoked RoslynAnalysisRunner static constructor.
RoslynAnalysisRunner will not be running.
RoslynAnalysisRunner has terminated.
Mono: successfully reloaded assembly
- Completed reload, in  1.154 seconds
Platform modules already initialized, skipping
Shader 'Universal Render Pipeline/Particles/Lit': fallback shader 'Universal Render Pipeline/Particles/SimpleLit' not found
Refreshing native plugins compatible for Editor in 0.45 ms, found 0 plugins.
Preloading 0 native plugins for Editor in 0.00 ms.
Unloading 2435 Unused Serialized files (Serialized files now loaded: 0)
System memory in use before: 123.6 MB.
System memory in use after: 123.8 MB.

Unloading 6 unused Assets to reduce memory usage. Loaded Objects now: 3189.
Total: 2.902100 ms (FindLiveObjects: 0.592200 ms CreateObjectMapping: 0.115000 ms MarkObjects: 2.137100 ms  DeleteObjects: 0.056600 ms)

========================================================================
Received Prepare
Registering precompiled user dll's ...
Registered in 0.001198 seconds.
Begin MonoManager ReloadAssembly
Native extension for LinuxStandalone target not found
Native extension for WindowsStandalone target not found
Refreshing native plugins compatible for Editor in 0.44 ms, found 0 plugins.
Preloading 0 native plugins for Editor in 0.00 ms.
Invoked RoslynAnalysisRunner static constructor.
RoslynAnalysisRunner will not be running.
RoslynAnalysisRunner has terminated.
Mono: successfully reloaded assembly
- Completed reload, in  1.251 seconds
Platform modules already initialized, skipping
Shader 'Universal Render Pipeline/Particles/Lit': fallback shader 'Universal Render Pipeline/Particles/SimpleLit' not found
Refreshing native plugins compatible for Editor in 0.44 ms, found 0 plugins.
Preloading 0 native plugins for Editor in 0.00 ms.
Unloading 2435 Unused Serialized files (Serialized files now loaded: 0)
System memory in use before: 123.6 MB.
System memory in use after: 123.8 MB.

Unloading 6 unused Assets to reduce memory usage. Loaded Objects now: 3194.
Total: 2.711400 ms (FindLiveObjects: 0.303900 ms CreateObjectMapping: 0.131500 ms MarkObjects: 2.210100 ms  DeleteObjects: 0.064300 ms)

========================================================================
Received Prepare
Registering precompiled user dll's ...
Registered in 0.001319 seconds.
Begin MonoManager ReloadAssembly
Native extension for LinuxStandalone target not found
Native extension for WindowsStandalone target not found
Refreshing native plugins compatible for Editor in 0.46 ms, found 0 plugins.
Preloading 0 native plugins for Editor in 0.00 ms.
Invoked RoslynAnalysisRunner static constructor.
RoslynAnalysisRunner will not be running.
RoslynAnalysisRunner has terminated.
Mono: successfully reloaded assembly
- Completed reload, in  0.906 seconds
Platform modules already initialized, skipping
Shader 'Universal Render Pipeline/Particles/Lit': fallback shader 'Universal Render Pipeline/Particles/SimpleLit' not found
Refreshing native plugins compatible for Editor in 0.41 ms, found 0 plugins.
Preloading 0 native plugins for Editor in 0.00 ms.
Unloading 2435 Unused Serialized files (Serialized files now loaded: 0)
System memory in use before: 123.6 MB.
System memory in use after: 123.8 MB.

Unloading 6 unused Assets to reduce memory usage. Loaded Objects now: 3199.
Total: 2.481600 ms (FindLiveObjects: 0.328100 ms CreateObjectMapping: 0.156400 ms MarkObjects: 1.941200 ms  DeleteObjects: 0.055200 ms)

========================================================================
Received Prepare
Registering precompiled user dll's ...
Registered in 0.001383 seconds.
Begin MonoManager ReloadAssembly
Native extension for LinuxStandalone target not found
Native extension for WindowsStandalone target not found
Refreshing native plugins compatible for Editor in 0.45 ms, found 0 plugins.
Preloading 0 native plugins for Editor in 0.00 ms.
Invoked RoslynAnalysisRunner static constructor.
RoslynAnalysisRunner will not be running.
RoslynAnalysisRunner has terminated.
Mono: successfully reloaded assembly
- Completed reload, in  1.021 seconds
Platform modules already initialized, skipping
Shader 'Universal Render Pipeline/Particles/Lit': fallback shader 'Universal Render Pipeline/Particles/SimpleLit' not found
Refreshing native plugins compatible for Editor in 0.45 ms, found 0 plugins.
Preloading 0 native plugins for Editor in 0.00 ms.
Unloading 2435 Unused Serialized files (Serialized files now loaded: 0)
System memory in use before: 123.6 MB.
System memory in use after: 123.8 MB.

Unloading 6 unused Assets to reduce memory usage. Loaded Objects now: 3204.
Total: 3.023100 ms (FindLiveObjects: 0.478600 ms CreateObjectMapping: 0.209400 ms MarkObjects: 2.271100 ms  DeleteObjects: 0.057300 ms)

========================================================================
Received Prepare
Registering precompiled user dll's ...
Registered in 0.001813 seconds.
Begin MonoManager ReloadAssembly
Native extension for LinuxStandalone target not found
Native extension for WindowsStandalone target not found
Refreshing native plugins compatible for Editor in 0.41 ms, found 0 plugins.
Preloading 0 native plugins for Editor in 0.00 ms.
Invoked RoslynAnalysisRunner static constructor.
RoslynAnalysisRunner will not be running.
RoslynAnalysisRunner has terminated.
Mono: successfully reloaded assembly
- Completed reload, in  1.042 seconds
Platform modules already initialized, skipping
Shader 'Universal Render Pipeline/Particles/Lit': fallback shader 'Universal Render Pipeline/Particles/SimpleLit' not found
Refreshing native plugins compatible for Editor in 0.50 ms, found 0 plugins.
Preloading 0 native plugins for Editor in 0.00 ms.
Unloading 2435 Unused Serialized files (Serialized files now loaded: 0)
System memory in use before: 123.5 MB.
System memory in use after: 123.7 MB.

Unloading 6 unused Assets to reduce memory usage. Loaded Objects now: 3209.
Total: 3.571000 ms (FindLiveObjects: 0.532900 ms CreateObjectMapping: 0.181800 ms MarkObjects: 2.776100 ms  DeleteObjects: 0.077500 ms)

========================================================================
Received Prepare
Registering precompiled user dll's ...
Registered in 0.001316 seconds.
Begin MonoManager ReloadAssembly
Native extension for LinuxStandalone target not found
Native extension for WindowsStandalone target not found
Refreshing native plugins compatible for Editor in 0.42 ms, found 0 plugins.
Preloading 0 native plugins for Editor in 0.00 ms.
Invoked RoslynAnalysisRunner static constructor.
RoslynAnalysisRunner will not be running.
RoslynAnalysisRunner has terminated.
Mono: successfully reloaded assembly
- Completed reload, in  0.976 seconds
Platform modules already initialized, skipping
Shader 'Universal Render Pipeline/Particles/Lit': fallback shader 'Universal Render Pipeline/Particles/SimpleLit' not found
Refreshing native plugins compatible for Editor in 0.43 ms, found 0 plugins.
Preloading 0 native plugins for Editor in 0.00 ms.
Unloading 2435 Unused Serialized files (Serialized files now loaded: 0)
System memory in use before: 123.6 MB.
System memory in use after: 123.8 MB.

Unloading 6 unused Assets to reduce memory usage. Loaded Objects now: 3214.
Total: 2.592600 ms (FindLiveObjects: 0.364500 ms CreateObjectMapping: 0.137500 ms MarkObjects: 2.033100 ms  DeleteObjects: 0.056800 ms)

========================================================================
Received Prepare
Registering precompiled user dll's ...
Registered in 0.001538 seconds.
Begin MonoManager ReloadAssembly
Native extension for LinuxStandalone target not found
Native extension for WindowsStandalone target not found
Refreshing native plugins compatible for Editor in 0.71 ms, found 0 plugins.
Preloading 0 native plugins for Editor in 0.00 ms.
Invoked RoslynAnalysisRunner static constructor.
RoslynAnalysisRunner will not be running.
RoslynAnalysisRunner has terminated.
Mono: successfully reloaded assembly
- Completed reload, in  0.859 seconds
Platform modules already initialized, skipping
Shader 'Universal Render Pipeline/Particles/Lit': fallback shader 'Universal Render Pipeline/Particles/SimpleLit' not found
Refreshing native plugins compatible for Editor in 0.43 ms, found 0 plugins.
Preloading 0 native plugins for Editor in 0.00 ms.
Unloading 2435 Unused Serialized files (Serialized files now loaded: 0)
System memory in use before: 123.7 MB.
System memory in use after: 123.9 MB.

Unloading 6 unused Assets to reduce memory usage. Loaded Objects now: 3219.
Total: 2.630500 ms (FindLiveObjects: 0.315300 ms CreateObjectMapping: 0.132700 ms MarkObjects: 2.110600 ms  DeleteObjects: 0.071100 ms)

========================================================================
Received Prepare
Shader 'Universal Render Pipeline/Particles/Lit': fallback shader 'Universal Render Pipeline/Particles/SimpleLit' not found
Refreshing native plugins compatible for Editor in 1.17 ms, found 0 plugins.
Preloading 0 native plugins for Editor in 0.00 ms.
Unloading 4 Unused Serialized files (Serialized files now loaded: 0)
System memory in use before: 75.7 MB.
System memory in use after: 75.9 MB.

Unloading 4 unused Assets to reduce memory usage. Loaded Objects now: 3219.
Total: 2.688400 ms (FindLiveObjects: 0.357000 ms CreateObjectMapping: 0.113500 ms MarkObjects: 2.157800 ms  DeleteObjects: 0.059100 ms)

========================================================================
Received Prepare
Registering precompiled user dll's ...
Registered in 0.001393 seconds.
Begin MonoManager ReloadAssembly
Native extension for LinuxStandalone target not found
Native extension for WindowsStandalone target not found
Refreshing native plugins compatible for Editor in 0.84 ms, found 0 plugins.
Preloading 0 native plugins for Editor in 0.00 ms.
Invoked RoslynAnalysisRunner static constructor.
RoslynAnalysisRunner will not be running.
RoslynAnalysisRunner has terminated.
Mono: successfully reloaded assembly
- Completed reload, in  1.028 seconds
Platform modules already initialized, skipping
Shader 'Universal Render Pipeline/Particles/Lit': fallback shader 'Universal Render Pipeline/Particles/SimpleLit' not found
Refreshing native plugins compatible for Editor in 0.46 ms, found 0 plugins.
Preloading 0 native plugins for Editor in 0.00 ms.
Unloading 2435 Unused Serialized files (Serialized files now loaded: 0)
System memory in use before: 123.7 MB.
System memory in use after: 123.9 MB.

Unloading 6 unused Assets to reduce memory usage. Loaded Objects now: 3224.
Total: 2.790600 ms (FindLiveObjects: 0.346900 ms CreateObjectMapping: 0.174100 ms MarkObjects: 2.201900 ms  DeleteObjects: 0.065800 ms)

========================================================================
Received Prepare
Registering precompiled user dll's ...
Registered in 0.001690 seconds.
Begin MonoManager ReloadAssembly
Native extension for LinuxStandalone target not found
Native extension for WindowsStandalone target not found
Refreshing native plugins compatible for Editor in 0.46 ms, found 0 plugins.
Preloading 0 native plugins for Editor in 0.00 ms.
Invoked RoslynAnalysisRunner static constructor.
RoslynAnalysisRunner will not be running.
RoslynAnalysisRunner has terminated.
Mono: successfully reloaded assembly
- Completed reload, in  1.159 seconds
Platform modules already initialized, skipping
Shader 'Universal Render Pipeline/Particles/Lit': fallback shader 'Universal Render Pipeline/Particles/SimpleLit' not found
Refreshing native plugins compatible for Editor in 0.51 ms, found 0 plugins.
Preloading 0 native plugins for Editor in 0.00 ms.
Unloading 2435 Unused Serialized files (Serialized files now loaded: 0)
System memory in use before: 123.7 MB.
System memory in use after: 123.9 MB.

Unloading 6 unused Assets to reduce memory usage. Loaded Objects now: 3229.
Total: 3.875200 ms (FindLiveObjects: 0.479000 ms CreateObjectMapping: 0.191600 ms MarkObjects: 3.112500 ms  DeleteObjects: 0.090700 ms)

========================================================================
Received Prepare
Shader 'Universal Render Pipeline/Particles/Lit': fallback shader 'Universal Render Pipeline/Particles/SimpleLit' not found
Refreshing native plugins compatible for Editor in 1.44 ms, found 0 plugins.
Preloading 0 native plugins for Editor in 0.00 ms.
Unloading 4 Unused Serialized files (Serialized files now loaded: 0)
System memory in use before: 75.7 MB.
System memory in use after: 75.9 MB.

Unloading 4 unused Assets to reduce memory usage. Loaded Objects now: 3229.
Total: 4.513100 ms (FindLiveObjects: 0.532300 ms CreateObjectMapping: 0.255600 ms MarkObjects: 3.635300 ms  DeleteObjects: 0.088400 ms)

========================================================================
Received Prepare
Shader 'Universal Render Pipeline/Particles/Lit': fallback shader 'Universal Render Pipeline/Particles/SimpleLit' not found
Refreshing native plugins compatible for Editor in 1.04 ms, found 0 plugins.
Preloading 0 native plugins for Editor in 0.00 ms.
Unloading 4 Unused Serialized files (Serialized files now loaded: 0)
System memory in use before: 75.7 MB.
System memory in use after: 75.9 MB.

Unloading 4 unused Assets to reduce memory usage. Loaded Objects now: 3229.
Total: 3.095500 ms (FindLiveObjects: 0.558800 ms CreateObjectMapping: 0.210900 ms MarkObjects: 2.261100 ms  DeleteObjects: 0.063500 ms)

AssetImportWorkerClient::OnTransportError - code=2 error=End of file
