Using pre-set license
Built from '2020.2/staging' branch; Version is '2020.2.7f1 (c53830e277f1) revision 12924976'; Using compiler version '192528614'; Build Type 'Release'
OS: 'Windows 10 Pro; OS build 19041.746; Version 2004; 64bit' Language: 'pt' Physical Memory: 16221 MB
BatchMode: 1, IsHumanControllingUs: 0, StartBugReporterOnCrash: 0, Is64bit: 1, IsPro: 0

 COMMAND LINE ARGUMENTS:
D:\Unity\2020.2.7f1\Editor\Unity.exe
-adb2
-batchMode
-noUpm
-name
AssetImportWorker0
-projectPath
C:/Users/usuário/Desktop/FoxTales Autoral/FoxTales_Autoral/Nárkissos
-logFile
Logs/AssetImportWorker0.log
-srvPort
51600
Successfully changed project path to: C:/Users/usuário/Desktop/FoxTales Autoral/FoxTales_Autoral/Nárkissos
C:/Users/usuário/Desktop/FoxTales Autoral/FoxTales_Autoral/Nárkissos
Using Asset Import Pipeline V2.
Refreshing native plugins compatible for Editor in 150.45 ms, found 0 plugins.
Preloading 0 native plugins for Editor in 0.00 ms.
Initialize engine version: 2020.2.7f1 (c53830e277f1)
[Subsystems] Discovering subsystems at path D:/Unity/2020.2.7f1/Editor/Data/Resources/UnitySubsystems
[Subsystems] Discovering subsystems at path C:/Users/usuário/Desktop/FoxTales Autoral/FoxTales_Autoral/Nárkissos/Assets
GfxDevice: creating device client; threaded=0
Direct3D:
    Version:  Direct3D 11.0 [level 11.1]
    Renderer: NVIDIA GeForce GTX 1650 (ID=0x1f91)
    Vendor:   
    VRAM:     3962 MB
    Driver:   27.21.14.5167
Shader 'Universal Render Pipeline/Particles/Lit': fallback shader 'Universal Render Pipeline/Particles/SimpleLit' not found
Initialize mono
Mono path[0] = 'D:/Unity/2020.2.7f1/Editor/Data/Managed'
Mono path[1] = 'D:/Unity/2020.2.7f1/Editor/Data/MonoBleedingEdge/lib/mono/unityjit'
Mono config path = 'D:/Unity/2020.2.7f1/Editor/Data/MonoBleedingEdge/etc'
Using monoOptions --debugger-agent=transport=dt_socket,embedding=1,server=y,suspend=n,address=127.0.0.1:56884
Begin MonoManager ReloadAssembly
Registering precompiled unity dll's ...
Register platform support module: D:/Unity/2020.2.7f1/Editor/Data/PlaybackEngines/WindowsStandaloneSupport/UnityEditor.WindowsStandalone.Extensions.dll
Register platform support module: D:/Unity/2020.2.7f1/Editor/Data/PlaybackEngines/LinuxStandaloneSupport/UnityEditor.LinuxStandalone.Extensions.dll
Registered in 0.003017 seconds.
Native extension for LinuxStandalone target not found
Native extension for WindowsStandalone target not found
Refreshing native plugins compatible for Editor in 130.43 ms, found 0 plugins.
Preloading 0 native plugins for Editor in 0.00 ms.
Invoked RoslynAnalysisRunner static constructor.
RoslynAnalysisRunner will not be running.
RoslynAnalysisRunner has terminated.
Mono: successfully reloaded assembly
- Completed reload, in  3.552 seconds
Platform modules already initialized, skipping
Registering precompiled user dll's ...
Registered in 0.004637 seconds.
Begin MonoManager ReloadAssembly
Native extension for LinuxStandalone target not found
Native extension for WindowsStandalone target not found
Refreshing native plugins compatible for Editor in 133.15 ms, found 0 plugins.
Preloading 0 native plugins for Editor in 0.00 ms.
Invoked RoslynAnalysisRunner static constructor.
RoslynAnalysisRunner will not be running.
RoslynAnalysisRunner has terminated.
Mono: successfully reloaded assembly
- Completed reload, in  2.759 seconds
Platform modules already initialized, skipping
========================================================================
Worker process is ready to serve import requests
Shader 'Universal Render Pipeline/Particles/Lit': fallback shader 'Universal Render Pipeline/Particles/SimpleLit' not found
Launched and connected shader compiler UnityShaderCompiler.exe after 0.16 seconds
Refreshing native plugins compatible for Editor in 1.90 ms, found 0 plugins.
Preloading 0 native plugins for Editor in 0.00 ms.
Unloading 2585 Unused Serialized files (Serialized files now loaded: 0)
System memory in use before: 126.1 MB.
System memory in use after: 126.2 MB.

Unloading 11 unused Assets to reduce memory usage. Loaded Objects now: 3033.
Total: 9.059700 ms (FindLiveObjects: 1.211700 ms CreateObjectMapping: 0.668600 ms MarkObjects: 6.871100 ms  DeleteObjects: 0.304200 ms)

========================================================================
Received Import Request.
  path: Assets/Scenes/Menu.unity
  artifactKey: Guid(808ec5433221a79448924de1d17601b1) Importer(815301076,1909f56bfc062723c751e8b465ee728b)
Start importing Assets/Scenes/Menu.unity using Guid(808ec5433221a79448924de1d17601b1) Importer(815301076,1909f56bfc062723c751e8b465ee728b)  -> (artifact id: '28955ed8ca2d72dc13fee116814c105d') in 0.187988 seconds
  Import took 0.203362 seconds .

========================================================================
Received Import Request.
  Time since last request: 264.492907 seconds.
  path: Assets/Scenes/SampleScene.unity
  artifactKey: Guid(9fc0d4010bbf28b4594072e72b8655ab) Importer(815301076,1909f56bfc062723c751e8b465ee728b)
Start importing Assets/Scenes/SampleScene.unity using Guid(9fc0d4010bbf28b4594072e72b8655ab) Importer(815301076,1909f56bfc062723c751e8b465ee728b)  -> (artifact id: '32c0047be58d2d2b57c9d9ee7c1ddaab') in 0.006904 seconds
  Import took 0.022929 seconds .

========================================================================
Received Import Request.
  Time since last request: 38.350065 seconds.
  path: Assets/Scenes/Rua_Tutorial.unity
  artifactKey: Guid(435eaf770a529dc4dbb07534ddad14d7) Importer(815301076,1909f56bfc062723c751e8b465ee728b)
Start importing Assets/Scenes/Rua_Tutorial.unity using Guid(435eaf770a529dc4dbb07534ddad14d7) Importer(815301076,1909f56bfc062723c751e8b465ee728b)  -> (artifact id: '4fb8ead0313f9876fbe8a1743f608392') in 0.006332 seconds
  Import took 0.022219 seconds .

========================================================================
Received Prepare
Registering precompiled user dll's ...
Registered in 0.004079 seconds.
Begin MonoManager ReloadAssembly
Native extension for LinuxStandalone target not found
Native extension for WindowsStandalone target not found
Refreshing native plugins compatible for Editor in 1.61 ms, found 0 plugins.
Preloading 0 native plugins for Editor in 0.00 ms.
Invoked RoslynAnalysisRunner static constructor.
RoslynAnalysisRunner will not be running.
RoslynAnalysisRunner has terminated.
Mono: successfully reloaded assembly
- Completed reload, in  2.600 seconds
Platform modules already initialized, skipping
Shader 'Universal Render Pipeline/Particles/Lit': fallback shader 'Universal Render Pipeline/Particles/SimpleLit' not found
Refreshing native plugins compatible for Editor in 1.90 ms, found 0 plugins.
Preloading 0 native plugins for Editor in 0.00 ms.
Unloading 2435 Unused Serialized files (Serialized files now loaded: 0)
System memory in use before: 117.1 MB.
System memory in use after: 117.3 MB.

Unloading 6 unused Assets to reduce memory usage. Loaded Objects now: 3038.
Total: 12.230600 ms (FindLiveObjects: 1.367500 ms CreateObjectMapping: 0.857300 ms MarkObjects: 9.806400 ms  DeleteObjects: 0.195000 ms)

========================================================================
Received Prepare
Registering precompiled user dll's ...
Registered in 0.004726 seconds.
Begin MonoManager ReloadAssembly
Native extension for LinuxStandalone target not found
Native extension for WindowsStandalone target not found
Refreshing native plugins compatible for Editor in 1.74 ms, found 0 plugins.
Preloading 0 native plugins for Editor in 0.00 ms.
Invoked RoslynAnalysisRunner static constructor.
RoslynAnalysisRunner will not be running.
RoslynAnalysisRunner has terminated.
Mono: successfully reloaded assembly
- Completed reload, in  2.592 seconds
Platform modules already initialized, skipping
Shader 'Universal Render Pipeline/Particles/Lit': fallback shader 'Universal Render Pipeline/Particles/SimpleLit' not found
Refreshing native plugins compatible for Editor in 1.89 ms, found 0 plugins.
Preloading 0 native plugins for Editor in 0.00 ms.
Unloading 2435 Unused Serialized files (Serialized files now loaded: 0)
System memory in use before: 117.1 MB.
System memory in use after: 117.3 MB.

Unloading 6 unused Assets to reduce memory usage. Loaded Objects now: 3043.
Total: 10.711900 ms (FindLiveObjects: 1.626800 ms CreateObjectMapping: 1.043600 ms MarkObjects: 7.789000 ms  DeleteObjects: 0.247000 ms)

========================================================================
Received Prepare
Registering precompiled user dll's ...
Registered in 0.004161 seconds.
Begin MonoManager ReloadAssembly
Native extension for LinuxStandalone target not found
Native extension for WindowsStandalone target not found
Refreshing native plugins compatible for Editor in 2.63 ms, found 0 plugins.
Preloading 0 native plugins for Editor in 0.00 ms.
Invoked RoslynAnalysisRunner static constructor.
RoslynAnalysisRunner will not be running.
RoslynAnalysisRunner has terminated.
Mono: successfully reloaded assembly
- Completed reload, in  3.239 seconds
Platform modules already initialized, skipping
Shader 'Universal Render Pipeline/Particles/Lit': fallback shader 'Universal Render Pipeline/Particles/SimpleLit' not found
Refreshing native plugins compatible for Editor in 2.08 ms, found 0 plugins.
Preloading 0 native plugins for Editor in 0.00 ms.
Unloading 2435 Unused Serialized files (Serialized files now loaded: 0)
System memory in use before: 117.2 MB.
System memory in use after: 117.3 MB.

Unloading 6 unused Assets to reduce memory usage. Loaded Objects now: 3048.
Total: 11.061500 ms (FindLiveObjects: 1.420100 ms CreateObjectMapping: 0.765600 ms MarkObjects: 8.618600 ms  DeleteObjects: 0.252500 ms)

========================================================================
Received Prepare
Registering precompiled user dll's ...
Registered in 0.004516 seconds.
Begin MonoManager ReloadAssembly
Native extension for LinuxStandalone target not found
Native extension for WindowsStandalone target not found
Refreshing native plugins compatible for Editor in 1.72 ms, found 0 plugins.
Preloading 0 native plugins for Editor in 0.00 ms.
Invoked RoslynAnalysisRunner static constructor.
RoslynAnalysisRunner will not be running.
RoslynAnalysisRunner has terminated.
Mono: successfully reloaded assembly
- Completed reload, in  2.600 seconds
Platform modules already initialized, skipping
Shader 'Universal Render Pipeline/Particles/Lit': fallback shader 'Universal Render Pipeline/Particles/SimpleLit' not found
Refreshing native plugins compatible for Editor in 2.06 ms, found 0 plugins.
Preloading 0 native plugins for Editor in 0.00 ms.
Unloading 2435 Unused Serialized files (Serialized files now loaded: 0)
System memory in use before: 117.2 MB.
System memory in use after: 117.4 MB.

Unloading 6 unused Assets to reduce memory usage. Loaded Objects now: 3053.
Total: 14.347000 ms (FindLiveObjects: 1.487300 ms CreateObjectMapping: 0.521900 ms MarkObjects: 11.992800 ms  DeleteObjects: 0.339000 ms)

========================================================================
Received Import Request.
  Time since last request: 940.375173 seconds.
  path: Assets/Scenes/Rua_Tutorial.unity
  artifactKey: Guid(435eaf770a529dc4dbb07534ddad14d7) Importer(815301076,1909f56bfc062723c751e8b465ee728b)
Start importing Assets/Scenes/Rua_Tutorial.unity using Guid(435eaf770a529dc4dbb07534ddad14d7) Importer(815301076,1909f56bfc062723c751e8b465ee728b)  -> (artifact id: '1d2698d1b03cdfd3927076113d379048') in 0.037520 seconds
  Import took 0.053709 seconds .

========================================================================
Received Prepare
Registering precompiled user dll's ...
Registered in 0.004969 seconds.
Begin MonoManager ReloadAssembly
Native extension for LinuxStandalone target not found
Native extension for WindowsStandalone target not found
Refreshing native plugins compatible for Editor in 3.08 ms, found 0 plugins.
Preloading 0 native plugins for Editor in 0.00 ms.
Invoked RoslynAnalysisRunner static constructor.
RoslynAnalysisRunner will not be running.
RoslynAnalysisRunner has terminated.
Mono: successfully reloaded assembly
- Completed reload, in  2.550 seconds
Platform modules already initialized, skipping
Shader 'Universal Render Pipeline/Particles/Lit': fallback shader 'Universal Render Pipeline/Particles/SimpleLit' not found
Refreshing native plugins compatible for Editor in 2.00 ms, found 0 plugins.
Preloading 0 native plugins for Editor in 0.00 ms.
Unloading 2435 Unused Serialized files (Serialized files now loaded: 0)
System memory in use before: 117.1 MB.
System memory in use after: 117.3 MB.

Unloading 6 unused Assets to reduce memory usage. Loaded Objects now: 3058.
Total: 10.405600 ms (FindLiveObjects: 1.293000 ms CreateObjectMapping: 0.688600 ms MarkObjects: 8.205400 ms  DeleteObjects: 0.214500 ms)

========================================================================
Received Import Request.
  Time since last request: 246.314145 seconds.
  path: Assets/Scripts/NotebookBehaviour.cs
  artifactKey: Guid(9334ec16090b3d44698419d0266728be) Importer(815301076,1909f56bfc062723c751e8b465ee728b)
Start importing Assets/Scripts/NotebookBehaviour.cs using Guid(9334ec16090b3d44698419d0266728be) Importer(815301076,1909f56bfc062723c751e8b465ee728b)  -> (artifact id: '902b0cc3547e462c75839893544e0465') in 0.090703 seconds
  Import took 0.104250 seconds .

========================================================================
Received Prepare
Registering precompiled user dll's ...
Registered in 0.004328 seconds.
Begin MonoManager ReloadAssembly
Native extension for LinuxStandalone target not found
Native extension for WindowsStandalone target not found
Refreshing native plugins compatible for Editor in 1.72 ms, found 0 plugins.
Preloading 0 native plugins for Editor in 0.00 ms.
Invoked RoslynAnalysisRunner static constructor.
RoslynAnalysisRunner will not be running.
RoslynAnalysisRunner has terminated.
Mono: successfully reloaded assembly
- Completed reload, in  2.624 seconds
Platform modules already initialized, skipping
Shader 'Universal Render Pipeline/Particles/Lit': fallback shader 'Universal Render Pipeline/Particles/SimpleLit' not found
Refreshing native plugins compatible for Editor in 2.46 ms, found 0 plugins.
Preloading 0 native plugins for Editor in 0.00 ms.
Unloading 2435 Unused Serialized files (Serialized files now loaded: 0)
System memory in use before: 117.2 MB.
System memory in use after: 117.4 MB.

Unloading 6 unused Assets to reduce memory usage. Loaded Objects now: 3063.
Total: 9.187900 ms (FindLiveObjects: 1.258500 ms CreateObjectMapping: 0.627600 ms MarkObjects: 7.043100 ms  DeleteObjects: 0.254300 ms)

========================================================================
Received Prepare
Registering precompiled user dll's ...
Registered in 0.003911 seconds.
Begin MonoManager ReloadAssembly
Native extension for LinuxStandalone target not found
Native extension for WindowsStandalone target not found
Refreshing native plugins compatible for Editor in 1.75 ms, found 0 plugins.
Preloading 0 native plugins for Editor in 0.00 ms.
Invoked RoslynAnalysisRunner static constructor.
RoslynAnalysisRunner will not be running.
RoslynAnalysisRunner has terminated.
Mono: successfully reloaded assembly
- Completed reload, in  2.655 seconds
Platform modules already initialized, skipping
Shader 'Universal Render Pipeline/Particles/Lit': fallback shader 'Universal Render Pipeline/Particles/SimpleLit' not found
Refreshing native plugins compatible for Editor in 2.66 ms, found 0 plugins.
Preloading 0 native plugins for Editor in 0.00 ms.
Unloading 2435 Unused Serialized files (Serialized files now loaded: 0)
System memory in use before: 117.2 MB.
System memory in use after: 117.4 MB.

Unloading 6 unused Assets to reduce memory usage. Loaded Objects now: 3068.
Total: 9.579900 ms (FindLiveObjects: 1.615300 ms CreateObjectMapping: 0.782500 ms MarkObjects: 6.959200 ms  DeleteObjects: 0.218800 ms)

========================================================================
Received Prepare
Registering precompiled user dll's ...
Registered in 0.004412 seconds.
Begin MonoManager ReloadAssembly
Native extension for LinuxStandalone target not found
Native extension for WindowsStandalone target not found
Refreshing native plugins compatible for Editor in 1.63 ms, found 0 plugins.
Preloading 0 native plugins for Editor in 0.00 ms.
Invoked RoslynAnalysisRunner static constructor.
RoslynAnalysisRunner will not be running.
RoslynAnalysisRunner has terminated.
Mono: successfully reloaded assembly
- Completed reload, in  2.542 seconds
Platform modules already initialized, skipping
Shader 'Universal Render Pipeline/Particles/Lit': fallback shader 'Universal Render Pipeline/Particles/SimpleLit' not found
Refreshing native plugins compatible for Editor in 2.74 ms, found 0 plugins.
Preloading 0 native plugins for Editor in 0.00 ms.
Unloading 2435 Unused Serialized files (Serialized files now loaded: 0)
System memory in use before: 117.2 MB.
System memory in use after: 117.4 MB.

Unloading 6 unused Assets to reduce memory usage. Loaded Objects now: 3073.
Total: 9.865500 ms (FindLiveObjects: 1.276300 ms CreateObjectMapping: 0.673700 ms MarkObjects: 7.683900 ms  DeleteObjects: 0.226000 ms)

========================================================================
Received Prepare
Registering precompiled user dll's ...
Registered in 0.004963 seconds.
Begin MonoManager ReloadAssembly
Native extension for LinuxStandalone target not found
Native extension for WindowsStandalone target not found
Refreshing native plugins compatible for Editor in 2.51 ms, found 0 plugins.
Preloading 0 native plugins for Editor in 0.00 ms.
Invoked RoslynAnalysisRunner static constructor.
RoslynAnalysisRunner will not be running.
RoslynAnalysisRunner has terminated.
Mono: successfully reloaded assembly
- Completed reload, in  2.590 seconds
Platform modules already initialized, skipping
Shader 'Universal Render Pipeline/Particles/Lit': fallback shader 'Universal Render Pipeline/Particles/SimpleLit' not found
Refreshing native plugins compatible for Editor in 2.52 ms, found 0 plugins.
Preloading 0 native plugins for Editor in 0.00 ms.
Unloading 2435 Unused Serialized files (Serialized files now loaded: 0)
System memory in use before: 117.3 MB.
System memory in use after: 117.4 MB.

Unloading 6 unused Assets to reduce memory usage. Loaded Objects now: 3078.
Total: 11.753200 ms (FindLiveObjects: 1.633300 ms CreateObjectMapping: 0.927500 ms MarkObjects: 8.880500 ms  DeleteObjects: 0.306400 ms)

========================================================================
Received Prepare
Registering precompiled user dll's ...
Registered in 0.004029 seconds.
Begin MonoManager ReloadAssembly
Native extension for LinuxStandalone target not found
Native extension for WindowsStandalone target not found
Refreshing native plugins compatible for Editor in 1.83 ms, found 0 plugins.
Preloading 0 native plugins for Editor in 0.00 ms.
Invoked RoslynAnalysisRunner static constructor.
RoslynAnalysisRunner will not be running.
RoslynAnalysisRunner has terminated.
Mono: successfully reloaded assembly
- Completed reload, in  2.686 seconds
Platform modules already initialized, skipping
Shader 'Universal Render Pipeline/Particles/Lit': fallback shader 'Universal Render Pipeline/Particles/SimpleLit' not found
Refreshing native plugins compatible for Editor in 1.97 ms, found 0 plugins.
Preloading 0 native plugins for Editor in 0.00 ms.
Unloading 2435 Unused Serialized files (Serialized files now loaded: 0)
System memory in use before: 117.2 MB.
System memory in use after: 117.4 MB.

Unloading 6 unused Assets to reduce memory usage. Loaded Objects now: 3083.
Total: 7.409400 ms (FindLiveObjects: 0.941300 ms CreateObjectMapping: 0.391200 ms MarkObjects: 5.887200 ms  DeleteObjects: 0.186200 ms)

========================================================================
Received Prepare
Registering precompiled user dll's ...
Registered in 0.004117 seconds.
Begin MonoManager ReloadAssembly
Native extension for LinuxStandalone target not found
Native extension for WindowsStandalone target not found
Refreshing native plugins compatible for Editor in 1.99 ms, found 0 plugins.
Preloading 0 native plugins for Editor in 0.00 ms.
Invoked RoslynAnalysisRunner static constructor.
RoslynAnalysisRunner will not be running.
RoslynAnalysisRunner has terminated.
Mono: successfully reloaded assembly
- Completed reload, in  2.631 seconds
Platform modules already initialized, skipping
Shader 'Universal Render Pipeline/Particles/Lit': fallback shader 'Universal Render Pipeline/Particles/SimpleLit' not found
Refreshing native plugins compatible for Editor in 1.95 ms, found 0 plugins.
Preloading 0 native plugins for Editor in 0.00 ms.
Unloading 2435 Unused Serialized files (Serialized files now loaded: 0)
System memory in use before: 117.3 MB.
System memory in use after: 117.5 MB.

Unloading 6 unused Assets to reduce memory usage. Loaded Objects now: 3088.
Total: 9.749600 ms (FindLiveObjects: 1.310200 ms CreateObjectMapping: 0.654400 ms MarkObjects: 7.578200 ms  DeleteObjects: 0.201200 ms)

========================================================================
Received Prepare
Registering precompiled user dll's ...
Registered in 0.003954 seconds.
Begin MonoManager ReloadAssembly
Native extension for LinuxStandalone target not found
Native extension for WindowsStandalone target not found
Refreshing native plugins compatible for Editor in 2.12 ms, found 0 plugins.
Preloading 0 native plugins for Editor in 0.00 ms.
Invoked RoslynAnalysisRunner static constructor.
RoslynAnalysisRunner will not be running.
RoslynAnalysisRunner has terminated.
Mono: successfully reloaded assembly
- Completed reload, in  2.662 seconds
Platform modules already initialized, skipping
Shader 'Universal Render Pipeline/Particles/Lit': fallback shader 'Universal Render Pipeline/Particles/SimpleLit' not found
Refreshing native plugins compatible for Editor in 1.54 ms, found 0 plugins.
Preloading 0 native plugins for Editor in 0.00 ms.
Unloading 2435 Unused Serialized files (Serialized files now loaded: 0)
System memory in use before: 117.3 MB.
System memory in use after: 117.5 MB.

Unloading 6 unused Assets to reduce memory usage. Loaded Objects now: 3093.
Total: 6.792500 ms (FindLiveObjects: 0.978300 ms CreateObjectMapping: 0.436600 ms MarkObjects: 5.156000 ms  DeleteObjects: 0.219300 ms)

========================================================================
Received Prepare
Registering precompiled user dll's ...
Registered in 0.004103 seconds.
Begin MonoManager ReloadAssembly
Native extension for LinuxStandalone target not found
Native extension for WindowsStandalone target not found
Refreshing native plugins compatible for Editor in 1.80 ms, found 0 plugins.
Preloading 0 native plugins for Editor in 0.00 ms.
Invoked RoslynAnalysisRunner static constructor.
RoslynAnalysisRunner will not be running.
RoslynAnalysisRunner has terminated.
Mono: successfully reloaded assembly
- Completed reload, in  2.606 seconds
Platform modules already initialized, skipping
Shader 'Universal Render Pipeline/Particles/Lit': fallback shader 'Universal Render Pipeline/Particles/SimpleLit' not found
Refreshing native plugins compatible for Editor in 1.39 ms, found 0 plugins.
Preloading 0 native plugins for Editor in 0.00 ms.
Unloading 2435 Unused Serialized files (Serialized files now loaded: 0)
System memory in use before: 117.3 MB.
System memory in use after: 117.5 MB.

Unloading 6 unused Assets to reduce memory usage. Loaded Objects now: 3098.
Total: 9.076300 ms (FindLiveObjects: 1.522200 ms CreateObjectMapping: 0.640600 ms MarkObjects: 6.734800 ms  DeleteObjects: 0.174400 ms)

========================================================================
Received Prepare
Registering precompiled user dll's ...
Registered in 0.004925 seconds.
Begin MonoManager ReloadAssembly
Native extension for LinuxStandalone target not found
Native extension for WindowsStandalone target not found
Refreshing native plugins compatible for Editor in 1.98 ms, found 0 plugins.
Preloading 0 native plugins for Editor in 0.00 ms.
Invoked RoslynAnalysisRunner static constructor.
RoslynAnalysisRunner will not be running.
RoslynAnalysisRunner has terminated.
Mono: successfully reloaded assembly
- Completed reload, in  2.870 seconds
Platform modules already initialized, skipping
Shader 'Universal Render Pipeline/Particles/Lit': fallback shader 'Universal Render Pipeline/Particles/SimpleLit' not found
Refreshing native plugins compatible for Editor in 2.62 ms, found 0 plugins.
Preloading 0 native plugins for Editor in 0.00 ms.
Unloading 2435 Unused Serialized files (Serialized files now loaded: 0)
System memory in use before: 117.3 MB.
System memory in use after: 117.5 MB.

Unloading 6 unused Assets to reduce memory usage. Loaded Objects now: 3103.
Total: 11.456500 ms (FindLiveObjects: 2.226400 ms CreateObjectMapping: 0.725900 ms MarkObjects: 8.208300 ms  DeleteObjects: 0.291400 ms)

========================================================================
Received Import Request.
  Time since last request: 1211.557768 seconds.
  path: Assets/Scripts/Puzzle4.cs
  artifactKey: Guid(84cb0fe5911b2c14f84cd45d72dd66ec) Importer(815301076,1909f56bfc062723c751e8b465ee728b)
Start importing Assets/Scripts/Puzzle4.cs using Guid(84cb0fe5911b2c14f84cd45d72dd66ec) Importer(815301076,1909f56bfc062723c751e8b465ee728b)  -> (artifact id: 'd48de0ee0efd56fcf78e40612e8239e7') in 0.017814 seconds
  Import took 0.035658 seconds .

========================================================================
Received Prepare
Registering precompiled user dll's ...
Registered in 0.004505 seconds.
Begin MonoManager ReloadAssembly
Native extension for LinuxStandalone target not found
Native extension for WindowsStandalone target not found
Refreshing native plugins compatible for Editor in 1.34 ms, found 0 plugins.
Preloading 0 native plugins for Editor in 0.00 ms.
Invoked RoslynAnalysisRunner static constructor.
RoslynAnalysisRunner will not be running.
RoslynAnalysisRunner has terminated.
Mono: successfully reloaded assembly
- Completed reload, in  2.614 seconds
Platform modules already initialized, skipping
Shader 'Universal Render Pipeline/Particles/Lit': fallback shader 'Universal Render Pipeline/Particles/SimpleLit' not found
Refreshing native plugins compatible for Editor in 2.01 ms, found 0 plugins.
Preloading 0 native plugins for Editor in 0.00 ms.
Unloading 2435 Unused Serialized files (Serialized files now loaded: 0)
System memory in use before: 117.2 MB.
System memory in use after: 117.4 MB.

Unloading 6 unused Assets to reduce memory usage. Loaded Objects now: 3108.
Total: 9.121600 ms (FindLiveObjects: 1.364500 ms CreateObjectMapping: 0.654700 ms MarkObjects: 6.884900 ms  DeleteObjects: 0.213700 ms)

========================================================================
Received Import Request.
  Time since last request: 63.142830 seconds.
  path: Assets/Scripts/Puzzle4.cs
  artifactKey: Guid(84cb0fe5911b2c14f84cd45d72dd66ec) Importer(815301076,1909f56bfc062723c751e8b465ee728b)
Start importing Assets/Scripts/Puzzle4.cs using Guid(84cb0fe5911b2c14f84cd45d72dd66ec) Importer(815301076,1909f56bfc062723c751e8b465ee728b)  -> (artifact id: '858ae1e6670bef0a570d85c31d8d35ec') in 0.014217 seconds
  Import took 0.026105 seconds .

========================================================================
Received Prepare
Registering precompiled user dll's ...
Registered in 0.004977 seconds.
Begin MonoManager ReloadAssembly
Native extension for LinuxStandalone target not found
Native extension for WindowsStandalone target not found
Refreshing native plugins compatible for Editor in 2.10 ms, found 0 plugins.
Preloading 0 native plugins for Editor in 0.00 ms.
Invoked RoslynAnalysisRunner static constructor.
RoslynAnalysisRunner will not be running.
RoslynAnalysisRunner has terminated.
Mono: successfully reloaded assembly
- Completed reload, in  2.521 seconds
Platform modules already initialized, skipping
Shader 'Universal Render Pipeline/Particles/Lit': fallback shader 'Universal Render Pipeline/Particles/SimpleLit' not found
Refreshing native plugins compatible for Editor in 2.58 ms, found 0 plugins.
Preloading 0 native plugins for Editor in 0.00 ms.
Unloading 2435 Unused Serialized files (Serialized files now loaded: 0)
System memory in use before: 117.3 MB.
System memory in use after: 117.5 MB.

Unloading 6 unused Assets to reduce memory usage. Loaded Objects now: 3113.
Total: 10.722900 ms (FindLiveObjects: 1.325800 ms CreateObjectMapping: 0.813800 ms MarkObjects: 8.309200 ms  DeleteObjects: 0.267500 ms)

========================================================================
Received Prepare
Registering precompiled user dll's ...
Registered in 0.003974 seconds.
Begin MonoManager ReloadAssembly
Native extension for LinuxStandalone target not found
Native extension for WindowsStandalone target not found
Refreshing native plugins compatible for Editor in 1.72 ms, found 0 plugins.
Preloading 0 native plugins for Editor in 0.00 ms.
Invoked RoslynAnalysisRunner static constructor.
RoslynAnalysisRunner will not be running.
RoslynAnalysisRunner has terminated.
Mono: successfully reloaded assembly
- Completed reload, in  2.520 seconds
Platform modules already initialized, skipping
Shader 'Universal Render Pipeline/Particles/Lit': fallback shader 'Universal Render Pipeline/Particles/SimpleLit' not found
Refreshing native plugins compatible for Editor in 1.89 ms, found 0 plugins.
Preloading 0 native plugins for Editor in 0.00 ms.
Unloading 2435 Unused Serialized files (Serialized files now loaded: 0)
System memory in use before: 117.3 MB.
System memory in use after: 117.5 MB.

Unloading 6 unused Assets to reduce memory usage. Loaded Objects now: 3118.
Total: 8.289700 ms (FindLiveObjects: 0.776700 ms CreateObjectMapping: 0.407400 ms MarkObjects: 6.882000 ms  DeleteObjects: 0.220800 ms)

========================================================================
Received Prepare
Registering precompiled user dll's ...
Registered in 0.004899 seconds.
Begin MonoManager ReloadAssembly
Native extension for LinuxStandalone target not found
Native extension for WindowsStandalone target not found
Refreshing native plugins compatible for Editor in 2.17 ms, found 0 plugins.
Preloading 0 native plugins for Editor in 0.00 ms.
Invoked RoslynAnalysisRunner static constructor.
RoslynAnalysisRunner will not be running.
RoslynAnalysisRunner has terminated.
Mono: successfully reloaded assembly
- Completed reload, in  3.024 seconds
Platform modules already initialized, skipping
Shader 'Universal Render Pipeline/Particles/Lit': fallback shader 'Universal Render Pipeline/Particles/SimpleLit' not found
Refreshing native plugins compatible for Editor in 3.60 ms, found 0 plugins.
Preloading 0 native plugins for Editor in 0.00 ms.
Unloading 2435 Unused Serialized files (Serialized files now loaded: 0)
System memory in use before: 117.3 MB.
System memory in use after: 117.5 MB.

Unloading 6 unused Assets to reduce memory usage. Loaded Objects now: 3123.
Total: 10.246500 ms (FindLiveObjects: 1.576300 ms CreateObjectMapping: 0.781200 ms MarkObjects: 7.703800 ms  DeleteObjects: 0.180800 ms)

========================================================================
Received Import Request.
  Time since last request: 741.738984 seconds.
  path: Assets/jogar_menu.png
  artifactKey: Guid(140f87b7e2d42cb49928ff40f22677a2) Importer(815301076,1909f56bfc062723c751e8b465ee728b)
Start importing Assets/jogar_menu.png using Guid(140f87b7e2d42cb49928ff40f22677a2) Importer(815301076,1909f56bfc062723c751e8b465ee728b)  -> (artifact id: 'a83e6c8b614e724a12d9cf764f30ee3b') in 0.183557 seconds
  Import took 0.199673 seconds .

========================================================================
Received Import Request.
  Time since last request: 0.000495 seconds.
  path: Assets/opcoes_menu.png
  artifactKey: Guid(b02aaeac757b7b847bb137e2d90ea3f1) Importer(815301076,1909f56bfc062723c751e8b465ee728b)
Start importing Assets/opcoes_menu.png using Guid(b02aaeac757b7b847bb137e2d90ea3f1) Importer(815301076,1909f56bfc062723c751e8b465ee728b)  -> (artifact id: '25c073c5d135ff98c5d66950fe69d067') in 0.016982 seconds
  Import took 0.031320 seconds .

========================================================================
Received Import Request.
  Time since last request: 0.000575 seconds.
  path: Assets/sair_menu.png
  artifactKey: Guid(3bc4c321355e3584688b0400da574eaf) Importer(815301076,1909f56bfc062723c751e8b465ee728b)
Start importing Assets/sair_menu.png using Guid(3bc4c321355e3584688b0400da574eaf) Importer(815301076,1909f56bfc062723c751e8b465ee728b)  -> (artifact id: '9b1159393a0b5fffaa78ad25013a2d13') in 0.015472 seconds
  Import took 0.026869 seconds .

========================================================================
Received Import Request.
  Time since last request: 27.576003 seconds.
  path: Assets/jogar_menu.png
  artifactKey: Guid(140f87b7e2d42cb49928ff40f22677a2) Importer(815301076,1909f56bfc062723c751e8b465ee728b)
Start importing Assets/jogar_menu.png using Guid(140f87b7e2d42cb49928ff40f22677a2) Importer(815301076,1909f56bfc062723c751e8b465ee728b)  -> (artifact id: 'f8254736c93e5c736a02a122cdf00a00') in 0.152042 seconds
  Import took 0.166005 seconds .

========================================================================
Received Import Request.
  Time since last request: 11.977693 seconds.
  path: Assets/opcoes_menu.png
  artifactKey: Guid(b02aaeac757b7b847bb137e2d90ea3f1) Importer(815301076,1909f56bfc062723c751e8b465ee728b)
Start importing Assets/opcoes_menu.png using Guid(b02aaeac757b7b847bb137e2d90ea3f1) Importer(815301076,1909f56bfc062723c751e8b465ee728b)  -> (artifact id: '07875c0bc9104622a953f9ca448f5455') in 0.029662 seconds
  Import took 0.044102 seconds .

========================================================================
Received Import Request.
  Time since last request: 0.003191 seconds.
  path: Assets/opcoes_menu.png
  artifactKey: Guid(b02aaeac757b7b847bb137e2d90ea3f1) Importer(815301076,1909f56bfc062723c751e8b465ee728b)
Start importing Assets/opcoes_menu.png using Guid(b02aaeac757b7b847bb137e2d90ea3f1) Importer(815301076,1909f56bfc062723c751e8b465ee728b)  -> (artifact id: '07875c0bc9104622a953f9ca448f5455') in 0.027812 seconds
  Import took 0.040195 seconds .

========================================================================
Received Import Request.
  Time since last request: 6.358883 seconds.
  path: Assets/sair_menu.png
  artifactKey: Guid(3bc4c321355e3584688b0400da574eaf) Importer(815301076,1909f56bfc062723c751e8b465ee728b)
Start importing Assets/sair_menu.png using Guid(3bc4c321355e3584688b0400da574eaf) Importer(815301076,1909f56bfc062723c751e8b465ee728b)  -> (artifact id: '1eb1db561d4538644db576e51ece76de') in 0.021471 seconds
  Import took 0.041536 seconds .

========================================================================
Received Import Request.
  Time since last request: 319.391941 seconds.
  path: Assets/jogar_menu_select.png
  artifactKey: Guid(85065a5491cf9934f8fc0bba112bcc72) Importer(815301076,1909f56bfc062723c751e8b465ee728b)
Start importing Assets/jogar_menu_select.png using Guid(85065a5491cf9934f8fc0bba112bcc72) Importer(815301076,1909f56bfc062723c751e8b465ee728b)  -> (artifact id: 'db03856e88fe828e44f8a351bd381e90') in 0.022538 seconds
  Import took 0.041959 seconds .

========================================================================
Received Import Request.
  Time since last request: 0.000537 seconds.
  path: Assets/opcoes_menu_select.png
  artifactKey: Guid(fceefe70e0a80c44393aa4a439e75b2f) Importer(815301076,1909f56bfc062723c751e8b465ee728b)
Start importing Assets/opcoes_menu_select.png using Guid(fceefe70e0a80c44393aa4a439e75b2f) Importer(815301076,1909f56bfc062723c751e8b465ee728b)  -> (artifact id: 'aeb82542227d1020e8bd7a368b8b6f3b') in 0.019732 seconds
  Import took 0.035120 seconds .

========================================================================
Received Import Request.
  Time since last request: 0.000620 seconds.
  path: Assets/sair_menu_select.png
  artifactKey: Guid(8103f4c94ee8f2d478c2c28521db12e4) Importer(815301076,1909f56bfc062723c751e8b465ee728b)
Start importing Assets/sair_menu_select.png using Guid(8103f4c94ee8f2d478c2c28521db12e4) Importer(815301076,1909f56bfc062723c751e8b465ee728b)  -> (artifact id: 'b5013f94f2fe39f13d7be8e2164ac0b6') in 0.016849 seconds
  Import took 0.030006 seconds .

========================================================================
Received Import Request.
  Time since last request: 6.923876 seconds.
  path: Assets/jogar_menu_select.png
  artifactKey: Guid(85065a5491cf9934f8fc0bba112bcc72) Importer(815301076,1909f56bfc062723c751e8b465ee728b)
Start importing Assets/jogar_menu_select.png using Guid(85065a5491cf9934f8fc0bba112bcc72) Importer(815301076,1909f56bfc062723c751e8b465ee728b)  -> (artifact id: '9090a68271596fb9085a5ec8cc4d6e1e') in 0.027207 seconds
  Import took 0.039891 seconds .

========================================================================
Received Import Request.
  Time since last request: 0.003805 seconds.
  path: Assets/jogar_menu_select.png
  artifactKey: Guid(85065a5491cf9934f8fc0bba112bcc72) Importer(815301076,1909f56bfc062723c751e8b465ee728b)
Start importing Assets/jogar_menu_select.png using Guid(85065a5491cf9934f8fc0bba112bcc72) Importer(815301076,1909f56bfc062723c751e8b465ee728b)  -> (artifact id: '9090a68271596fb9085a5ec8cc4d6e1e') in 0.028352 seconds
  Import took 0.044083 seconds .

========================================================================
Received Import Request.
  Time since last request: 4.225070 seconds.
  path: Assets/opcoes_menu_select.png
  artifactKey: Guid(fceefe70e0a80c44393aa4a439e75b2f) Importer(815301076,1909f56bfc062723c751e8b465ee728b)
Start importing Assets/opcoes_menu_select.png using Guid(fceefe70e0a80c44393aa4a439e75b2f) Importer(815301076,1909f56bfc062723c751e8b465ee728b)  -> (artifact id: 'ee33e07dffa68382393973ec3c2f8234') in 0.024460 seconds
  Import took 0.039941 seconds .

========================================================================
Received Import Request.
  Time since last request: 0.013364 seconds.
  path: Assets/opcoes_menu_select.png
  artifactKey: Guid(fceefe70e0a80c44393aa4a439e75b2f) Importer(815301076,1909f56bfc062723c751e8b465ee728b)
Start importing Assets/opcoes_menu_select.png using Guid(fceefe70e0a80c44393aa4a439e75b2f) Importer(815301076,1909f56bfc062723c751e8b465ee728b)  -> (artifact id: 'ee33e07dffa68382393973ec3c2f8234') in 0.028693 seconds
  Import took 0.044490 seconds .

========================================================================
Received Import Request.
  Time since last request: 4.693134 seconds.
  path: Assets/sair_menu_select.png
  artifactKey: Guid(8103f4c94ee8f2d478c2c28521db12e4) Importer(815301076,1909f56bfc062723c751e8b465ee728b)
Start importing Assets/sair_menu_select.png using Guid(8103f4c94ee8f2d478c2c28521db12e4) Importer(815301076,1909f56bfc062723c751e8b465ee728b)  -> (artifact id: 'c0d183bdafb72ca7e89d4b4be0378fb8') in 0.022093 seconds
  Import took 0.036687 seconds .

========================================================================
Received Import Request.
  Time since last request: 0.012367 seconds.
  path: Assets/sair_menu_select.png
  artifactKey: Guid(8103f4c94ee8f2d478c2c28521db12e4) Importer(815301076,1909f56bfc062723c751e8b465ee728b)
Start importing Assets/sair_menu_select.png using Guid(8103f4c94ee8f2d478c2c28521db12e4) Importer(815301076,1909f56bfc062723c751e8b465ee728b)  -> (artifact id: 'c0d183bdafb72ca7e89d4b4be0378fb8') in 0.026460 seconds
  Import took 0.041564 seconds .

========================================================================
Received Prepare
Registering precompiled user dll's ...
Registered in 0.003902 seconds.
Begin MonoManager ReloadAssembly
Native extension for LinuxStandalone target not found
Native extension for WindowsStandalone target not found
Refreshing native plugins compatible for Editor in 1.94 ms, found 0 plugins.
Preloading 0 native plugins for Editor in 0.00 ms.
Invoked RoslynAnalysisRunner static constructor.
RoslynAnalysisRunner will not be running.
RoslynAnalysisRunner has terminated.
Mono: successfully reloaded assembly
- Completed reload, in  2.565 seconds
Platform modules already initialized, skipping
Shader 'Universal Render Pipeline/Particles/Lit': fallback shader 'Universal Render Pipeline/Particles/SimpleLit' not found
Refreshing native plugins compatible for Editor in 1.71 ms, found 0 plugins.
Preloading 0 native plugins for Editor in 0.00 ms.
Unloading 2435 Unused Serialized files (Serialized files now loaded: 0)
System memory in use before: 120.3 MB.
System memory in use after: 120.5 MB.

Unloading 6 unused Assets to reduce memory usage. Loaded Objects now: 3138.
Total: 8.642500 ms (FindLiveObjects: 1.214300 ms CreateObjectMapping: 0.470300 ms MarkObjects: 6.766200 ms  DeleteObjects: 0.187300 ms)

========================================================================
Received Prepare
Registering precompiled user dll's ...
Registered in 0.004521 seconds.
Begin MonoManager ReloadAssembly
Native extension for LinuxStandalone target not found
Native extension for WindowsStandalone target not found
Refreshing native plugins compatible for Editor in 2.03 ms, found 0 plugins.
Preloading 0 native plugins for Editor in 0.00 ms.
Invoked RoslynAnalysisRunner static constructor.
RoslynAnalysisRunner will not be running.
RoslynAnalysisRunner has terminated.
Mono: successfully reloaded assembly
- Completed reload, in  2.546 seconds
Platform modules already initialized, skipping
Shader 'Universal Render Pipeline/Particles/Lit': fallback shader 'Universal Render Pipeline/Particles/SimpleLit' not found
Refreshing native plugins compatible for Editor in 2.28 ms, found 0 plugins.
Preloading 0 native plugins for Editor in 0.00 ms.
Unloading 2435 Unused Serialized files (Serialized files now loaded: 0)
System memory in use before: 120.2 MB.
System memory in use after: 120.4 MB.

Unloading 6 unused Assets to reduce memory usage. Loaded Objects now: 3143.
Total: 10.502900 ms (FindLiveObjects: 1.537000 ms CreateObjectMapping: 0.774300 ms MarkObjects: 7.912600 ms  DeleteObjects: 0.271700 ms)

========================================================================
Received Import Request.
  Time since last request: 1397.690532 seconds.
  path: Assets/teste_jogar.png
  artifactKey: Guid(ba2c29d53fccaa044a80d2d1e55e31a4) Importer(815301076,1909f56bfc062723c751e8b465ee728b)
Start importing Assets/teste_jogar.png using Guid(ba2c29d53fccaa044a80d2d1e55e31a4) Importer(815301076,1909f56bfc062723c751e8b465ee728b)  -> (artifact id: 'a36d5627b71c236be684b17bb39f72a4') in 0.116118 seconds
  Import took 0.133644 seconds .

========================================================================
Received Import Request.
  Time since last request: 26.362147 seconds.
  path: Assets/teste_jogar.png
  artifactKey: Guid(ba2c29d53fccaa044a80d2d1e55e31a4) Importer(815301076,1909f56bfc062723c751e8b465ee728b)
Start importing Assets/teste_jogar.png using Guid(ba2c29d53fccaa044a80d2d1e55e31a4) Importer(815301076,1909f56bfc062723c751e8b465ee728b)  -> (artifact id: 'a14b3a17773353235a0d5d9af52aa751') in 0.069681 seconds
  Import took 0.083751 seconds .

========================================================================
Received Import Request.
  Time since last request: 0.002338 seconds.
  path: Assets/teste_jogar.png
  artifactKey: Guid(ba2c29d53fccaa044a80d2d1e55e31a4) Importer(815301076,1909f56bfc062723c751e8b465ee728b)
Start importing Assets/teste_jogar.png using Guid(ba2c29d53fccaa044a80d2d1e55e31a4) Importer(815301076,1909f56bfc062723c751e8b465ee728b)  -> (artifact id: 'a14b3a17773353235a0d5d9af52aa751') in 0.024551 seconds
  Import took 0.037198 seconds .

========================================================================
Received Import Request.
  Time since last request: 119.877826 seconds.
  path: Assets/teste_jogar (1).png
  artifactKey: Guid(850d875dc55776d4c873c91023fd0479) Importer(815301076,1909f56bfc062723c751e8b465ee728b)
Start importing Assets/teste_jogar (1).png using Guid(850d875dc55776d4c873c91023fd0479) Importer(815301076,1909f56bfc062723c751e8b465ee728b)  -> (artifact id: '29a429b4ad8b08ec55479576234e4368') in 0.019887 seconds
  Import took 0.036139 seconds .

========================================================================
Received Import Request.
  Time since last request: 0.000580 seconds.
  path: Assets/teste_jogar_select.png
  artifactKey: Guid(ed425aa62f4527a4d94cfceedcc88f10) Importer(815301076,1909f56bfc062723c751e8b465ee728b)
Start importing Assets/teste_jogar_select.png using Guid(ed425aa62f4527a4d94cfceedcc88f10) Importer(815301076,1909f56bfc062723c751e8b465ee728b)  -> (artifact id: '0ba2063675927e700b08c670df2118e0') in 0.019174 seconds
  Import took 0.036358 seconds .

========================================================================
Received Import Request.
  Time since last request: 11.117195 seconds.
  path: Assets/teste_jogar_select.png
  artifactKey: Guid(ed425aa62f4527a4d94cfceedcc88f10) Importer(815301076,1909f56bfc062723c751e8b465ee728b)
Start importing Assets/teste_jogar_select.png using Guid(ed425aa62f4527a4d94cfceedcc88f10) Importer(815301076,1909f56bfc062723c751e8b465ee728b)  -> (artifact id: 'bc792bb091458346797922515bb73607') in 0.026747 seconds
  Import took 0.042793 seconds .

========================================================================
Received Prepare
Registering precompiled user dll's ...
Registered in 0.004185 seconds.
Begin MonoManager ReloadAssembly
Native extension for LinuxStandalone target not found
Native extension for WindowsStandalone target not found
Refreshing native plugins compatible for Editor in 1.83 ms, found 0 plugins.
Preloading 0 native plugins for Editor in 0.00 ms.
Invoked RoslynAnalysisRunner static constructor.
RoslynAnalysisRunner will not be running.
RoslynAnalysisRunner has terminated.
Mono: successfully reloaded assembly
- Completed reload, in  2.598 seconds
Platform modules already initialized, skipping
Shader 'Universal Render Pipeline/Particles/Lit': fallback shader 'Universal Render Pipeline/Particles/SimpleLit' not found
Refreshing native plugins compatible for Editor in 2.19 ms, found 0 plugins.
Preloading 0 native plugins for Editor in 0.00 ms.
Unloading 2435 Unused Serialized files (Serialized files now loaded: 0)
System memory in use before: 120.4 MB.
System memory in use after: 120.6 MB.

Unloading 6 unused Assets to reduce memory usage. Loaded Objects now: 3151.
Total: 8.778400 ms (FindLiveObjects: 0.896400 ms CreateObjectMapping: 0.386300 ms MarkObjects: 7.209300 ms  DeleteObjects: 0.281000 ms)

========================================================================
Received Import Request.
  Time since last request: 266.355486 seconds.
  path: Assets/teste_opcoes.png
  artifactKey: Guid(a907a43ce8cad0a478486955e6e89429) Importer(815301076,1909f56bfc062723c751e8b465ee728b)
Start importing Assets/teste_opcoes.png using Guid(a907a43ce8cad0a478486955e6e89429) Importer(815301076,1909f56bfc062723c751e8b465ee728b)  -> (artifact id: 'f4f7d72ca346d44ca1d7815405f11bb2') in 0.096620 seconds
  Import took 0.110919 seconds .

========================================================================
Received Import Request.
  Time since last request: 0.000447 seconds.
  path: Assets/teste_sair_select.png
  artifactKey: Guid(5ef27c44ee9b15b43bd92b3ff0843eb1) Importer(815301076,1909f56bfc062723c751e8b465ee728b)
Start importing Assets/teste_sair_select.png using Guid(5ef27c44ee9b15b43bd92b3ff0843eb1) Importer(815301076,1909f56bfc062723c751e8b465ee728b)  -> (artifact id: '3320032f93cc4b801134c148cc223e75') in 0.018779 seconds
  Import took 0.034367 seconds .

========================================================================
Received Import Request.
  Time since last request: 0.000499 seconds.
  path: Assets/teste_sair.png
  artifactKey: Guid(e0a2062c6b41ee64a95ae938bfbbf9c7) Importer(815301076,1909f56bfc062723c751e8b465ee728b)
Start importing Assets/teste_sair.png using Guid(e0a2062c6b41ee64a95ae938bfbbf9c7) Importer(815301076,1909f56bfc062723c751e8b465ee728b)  -> (artifact id: '377bb6a5dbdac0171908305ea02bdfc1') in 0.017668 seconds
  Import took 0.031169 seconds .

========================================================================
Received Import Request.
  Time since last request: 0.000421 seconds.
  path: Assets/teste_opcoes_select.png
  artifactKey: Guid(7de7047cf44a5194f898944a78f0c89a) Importer(815301076,1909f56bfc062723c751e8b465ee728b)
Start importing Assets/teste_opcoes_select.png using Guid(7de7047cf44a5194f898944a78f0c89a) Importer(815301076,1909f56bfc062723c751e8b465ee728b)  -> (artifact id: '137ec2204546f1a6e0f64e698b409002') in 0.020009 seconds
  Import took 0.032903 seconds .

========================================================================
Received Import Request.
  Time since last request: 7.127313 seconds.
  path: Assets/teste_opcoes_select.png
  artifactKey: Guid(7de7047cf44a5194f898944a78f0c89a) Importer(815301076,1909f56bfc062723c751e8b465ee728b)
Start importing Assets/teste_opcoes_select.png using Guid(7de7047cf44a5194f898944a78f0c89a) Importer(815301076,1909f56bfc062723c751e8b465ee728b)  -> (artifact id: 'ca88b0d6e6642fc7f378178c2e29bdf7') in 0.054641 seconds
  Import took 0.068441 seconds .

========================================================================
Received Import Request.
  Time since last request: 0.010317 seconds.
  path: Assets/teste_opcoes_select.png
  artifactKey: Guid(7de7047cf44a5194f898944a78f0c89a) Importer(815301076,1909f56bfc062723c751e8b465ee728b)
Start importing Assets/teste_opcoes_select.png using Guid(7de7047cf44a5194f898944a78f0c89a) Importer(815301076,1909f56bfc062723c751e8b465ee728b)  -> (artifact id: 'ca88b0d6e6642fc7f378178c2e29bdf7') in 0.030535 seconds
  Import took 0.041959 seconds .

========================================================================
Received Import Request.
  Time since last request: 19.960610 seconds.
  path: Assets/teste_sair.png
  artifactKey: Guid(e0a2062c6b41ee64a95ae938bfbbf9c7) Importer(815301076,1909f56bfc062723c751e8b465ee728b)
Start importing Assets/teste_sair.png using Guid(e0a2062c6b41ee64a95ae938bfbbf9c7) Importer(815301076,1909f56bfc062723c751e8b465ee728b)  -> (artifact id: 'a0b4db2934b7619d68f3b3bce334dae8') in 0.025125 seconds
  Import took 0.038378 seconds .

========================================================================
Received Import Request.
  Time since last request: 4.875366 seconds.
  path: Assets/teste_sair_select.png
  artifactKey: Guid(5ef27c44ee9b15b43bd92b3ff0843eb1) Importer(815301076,1909f56bfc062723c751e8b465ee728b)
Start importing Assets/teste_sair_select.png using Guid(5ef27c44ee9b15b43bd92b3ff0843eb1) Importer(815301076,1909f56bfc062723c751e8b465ee728b)  -> (artifact id: 'b65f29d48ca32ee595c01d691128dd97') in 0.023164 seconds
  Import took 0.037566 seconds .

========================================================================
Received Import Request.
  Time since last request: 0.012362 seconds.
  path: Assets/teste_sair_select.png
  artifactKey: Guid(5ef27c44ee9b15b43bd92b3ff0843eb1) Importer(815301076,1909f56bfc062723c751e8b465ee728b)
Start importing Assets/teste_sair_select.png using Guid(5ef27c44ee9b15b43bd92b3ff0843eb1) Importer(815301076,1909f56bfc062723c751e8b465ee728b)  -> (artifact id: 'b65f29d48ca32ee595c01d691128dd97') in 0.027579 seconds
  Import took 0.044417 seconds .

========================================================================
Received Import Request.
  Time since last request: 19.726488 seconds.
  path: Assets/teste_opcoes.png
  artifactKey: Guid(a907a43ce8cad0a478486955e6e89429) Importer(815301076,1909f56bfc062723c751e8b465ee728b)
Start importing Assets/teste_opcoes.png using Guid(a907a43ce8cad0a478486955e6e89429) Importer(815301076,1909f56bfc062723c751e8b465ee728b)  -> (artifact id: '7d4bcd5f38dd21de4d7d48118ab41314') in 0.025193 seconds
  Import took 0.039474 seconds .

========================================================================
Received Import Request.
  Time since last request: 604.999603 seconds.
  path: Assets/Scenes/SampleScene.unity
  artifactKey: Guid(9fc0d4010bbf28b4594072e72b8655ab) Importer(815301076,1909f56bfc062723c751e8b465ee728b)
Start importing Assets/Scenes/SampleScene.unity using Guid(9fc0d4010bbf28b4594072e72b8655ab) Importer(815301076,1909f56bfc062723c751e8b465ee728b)  -> (artifact id: '9082f1253976cf98d87bc305fa42be4d') in 0.007327 seconds
  Import took 0.023796 seconds .

========================================================================
Received Prepare
Registering precompiled user dll's ...
Registered in 0.003765 seconds.
Begin MonoManager ReloadAssembly
Native extension for LinuxStandalone target not found
Native extension for WindowsStandalone target not found
Refreshing native plugins compatible for Editor in 2.52 ms, found 0 plugins.
Preloading 0 native plugins for Editor in 0.00 ms.
Invoked RoslynAnalysisRunner static constructor.
RoslynAnalysisRunner will not be running.
RoslynAnalysisRunner has terminated.
Mono: successfully reloaded assembly
- Completed reload, in  2.801 seconds
Platform modules already initialized, skipping
Shader 'Universal Render Pipeline/Particles/Lit': fallback shader 'Universal Render Pipeline/Particles/SimpleLit' not found
Refreshing native plugins compatible for Editor in 2.23 ms, found 0 plugins.
Preloading 0 native plugins for Editor in 0.00 ms.
Unloading 2435 Unused Serialized files (Serialized files now loaded: 0)
System memory in use before: 120.4 MB.
System memory in use after: 120.6 MB.

Unloading 6 unused Assets to reduce memory usage. Loaded Objects now: 3157.
Total: 9.804100 ms (FindLiveObjects: 1.560100 ms CreateObjectMapping: 0.706000 ms MarkObjects: 7.160900 ms  DeleteObjects: 0.371600 ms)

========================================================================
Received Import Request.
  Time since last request: 7.114833 seconds.
  path: Assets/Scenes/Rua_Tutorial.unity
  artifactKey: Guid(435eaf770a529dc4dbb07534ddad14d7) Importer(815301076,1909f56bfc062723c751e8b465ee728b)
Start importing Assets/Scenes/Rua_Tutorial.unity using Guid(435eaf770a529dc4dbb07534ddad14d7) Importer(815301076,1909f56bfc062723c751e8b465ee728b)  -> (artifact id: 'a82ec8d4922da73eef70529e6034497b') in 0.033560 seconds
  Import took 0.049002 seconds .

========================================================================
Received Import Request.
  Time since last request: 76.148217 seconds.
  path: Assets/Scenes/Menu.unity
  artifactKey: Guid(808ec5433221a79448924de1d17601b1) Importer(815301076,1909f56bfc062723c751e8b465ee728b)
Start importing Assets/Scenes/Menu.unity using Guid(808ec5433221a79448924de1d17601b1) Importer(815301076,1909f56bfc062723c751e8b465ee728b)  -> (artifact id: 'b0564d5267e82f0cfd0aefb08fa0aba2') in 0.006490 seconds
  Import took 0.021896 seconds .

========================================================================
Received Import Request.
  Time since last request: 404.278452 seconds.
  path: Assets/Texturas/escriva2.png
  artifactKey: Guid(c99b27f63680d6a4fac99025a8c4cf1a) Importer(815301076,1909f56bfc062723c751e8b465ee728b)
Start importing Assets/Texturas/escriva2.png using Guid(c99b27f63680d6a4fac99025a8c4cf1a) Importer(815301076,1909f56bfc062723c751e8b465ee728b)  -> (artifact id: '55b866bf622f2d6514372c1466c4687e') in 0.066062 seconds
  Import took 0.083269 seconds .

========================================================================
Received Import Request.
  Time since last request: 0.000536 seconds.
  path: Assets/Texturas/madeira roxa mais clara.png
  artifactKey: Guid(6806333b1cf329042b32e80464d2ce64) Importer(815301076,1909f56bfc062723c751e8b465ee728b)
Start importing Assets/Texturas/madeira roxa mais clara.png using Guid(6806333b1cf329042b32e80464d2ce64) Importer(815301076,1909f56bfc062723c751e8b465ee728b)  -> (artifact id: '78598987943ac17415f15d05fdfd46bc') in 0.020389 seconds
  Import took 0.036582 seconds .

========================================================================
Received Import Request.
  Time since last request: 0.000742 seconds.
  path: Assets/Texturas/escriva2.png
  artifactKey: Guid(c99b27f63680d6a4fac99025a8c4cf1a) Importer(815301076,1909f56bfc062723c751e8b465ee728b)
Start importing Assets/Texturas/escriva2.png using Guid(c99b27f63680d6a4fac99025a8c4cf1a) Importer(815301076,1909f56bfc062723c751e8b465ee728b)  -> (artifact id: '55b866bf622f2d6514372c1466c4687e') in 0.017548 seconds
  Import took 0.033828 seconds .

========================================================================
Received Import Request.
  Time since last request: 0.000485 seconds.
  path: Assets/Texturas/Jade_cloth_pixelizacao_e_alteracao_de_cor_v3.pxr128.png
  artifactKey: Guid(1064c48dd2f94fc449e0d6c1af220f63) Importer(815301076,1909f56bfc062723c751e8b465ee728b)
Start importing Assets/Texturas/Jade_cloth_pixelizacao_e_alteracao_de_cor_v3.pxr128.png using Guid(1064c48dd2f94fc449e0d6c1af220f63) Importer(815301076,1909f56bfc062723c751e8b465ee728b)  -> (artifact id: 'ada84eff9d42ce5ee6bd5017b45c834b') in 0.018996 seconds
  Import took 0.032071 seconds .

========================================================================
Received Import Request.
  Time since last request: 0.125799 seconds.
  path: Assets/Texturas/Jade_cloth_pixelizacao_e_alteracao_de_cor_v3.pxr128.png
  artifactKey: Guid(1064c48dd2f94fc449e0d6c1af220f63) Importer(815301076,1909f56bfc062723c751e8b465ee728b)
Start importing Assets/Texturas/Jade_cloth_pixelizacao_e_alteracao_de_cor_v3.pxr128.png using Guid(1064c48dd2f94fc449e0d6c1af220f63) Importer(815301076,1909f56bfc062723c751e8b465ee728b)  -> (artifact id: 'ada84eff9d42ce5ee6bd5017b45c834b') in 0.017779 seconds
  Import took 0.030836 seconds .

========================================================================
Received Import Request.
  Time since last request: 6.268883 seconds.
  path: Packages/com.unity.textmeshpro
  artifactKey: Guid(cabaa672b0e3ee91fa7b6da4daab7970) Importer(815301076,1909f56bfc062723c751e8b465ee728b)
Start importing Packages/com.unity.textmeshpro using Guid(cabaa672b0e3ee91fa7b6da4daab7970) Importer(815301076,1909f56bfc062723c751e8b465ee728b)  -> (artifact id: '5b8e5349cf6f7337aaac800742e033d0') in 0.005268 seconds
  Import took 0.018969 seconds .

========================================================================
Received Import Request.
  Time since last request: 0.101675 seconds.
  path: Packages/com.unity.textmeshpro/package.json
  artifactKey: Guid(220e9325710f4235a43492dd1ee4980d) Importer(815301076,1909f56bfc062723c751e8b465ee728b)
Start importing Packages/com.unity.textmeshpro/package.json using Guid(220e9325710f4235a43492dd1ee4980d) Importer(815301076,1909f56bfc062723c751e8b465ee728b)  -> (artifact id: '94cc48ac9460a62f3945c865250ca633') in 0.137017 seconds
  Import took 0.152360 seconds .

========================================================================
Received Import Request.
  Time since last request: 1.464044 seconds.
  path: Packages/com.unity.textmeshpro/Package Resources
  artifactKey: Guid(5ec95f4d5b2d1f14e9ff8682562553f9) Importer(815301076,1909f56bfc062723c751e8b465ee728b)
Start importing Packages/com.unity.textmeshpro/Package Resources using Guid(5ec95f4d5b2d1f14e9ff8682562553f9) Importer(815301076,1909f56bfc062723c751e8b465ee728b)  -> (artifact id: '906ba8d57d3ad6551dca4dff3362a522') in 0.006581 seconds
  Import took 0.021107 seconds .

========================================================================
Received Import Request.
  Time since last request: 4.093639 seconds.
  path: Packages/com.unity.textmeshpro/Editor Resources/Gizmos
  artifactKey: Guid(e93ec7eb6de342aabd156833e253f838) Importer(815301076,1909f56bfc062723c751e8b465ee728b)
Start importing Packages/com.unity.textmeshpro/Editor Resources/Gizmos using Guid(e93ec7eb6de342aabd156833e253f838) Importer(815301076,1909f56bfc062723c751e8b465ee728b)  -> (artifact id: '79e7349656e1228893f9d956d667d040') in 0.006906 seconds
  Import took 0.022083 seconds .

========================================================================
Received Import Request.
  Time since last request: 0.130265 seconds.
  path: Packages/com.unity.textmeshpro/Editor Resources/Gizmos/TMP - Dropdown Icon.psd
  artifactKey: Guid(a7ec9e7ad8b847b7ae4510af83c5d868) Importer(815301076,1909f56bfc062723c751e8b465ee728b)
Start importing Packages/com.unity.textmeshpro/Editor Resources/Gizmos/TMP - Dropdown Icon.psd using Guid(a7ec9e7ad8b847b7ae4510af83c5d868) Importer(815301076,1909f56bfc062723c751e8b465ee728b)  -> (artifact id: 'c38aa67b8689fb37d772076202c20f80') in 0.032406 seconds
  Import took 0.045573 seconds .

========================================================================
Received Import Request.
  Time since last request: 0.000577 seconds.
  path: Packages/com.unity.textmeshpro/Editor Resources/Gizmos/TMP - Text Component Icon.psd
  artifactKey: Guid(2fd6421f253b4ef1a19526541f9ffc0c) Importer(815301076,1909f56bfc062723c751e8b465ee728b)
Start importing Packages/com.unity.textmeshpro/Editor Resources/Gizmos/TMP - Text Component Icon.psd using Guid(2fd6421f253b4ef1a19526541f9ffc0c) Importer(815301076,1909f56bfc062723c751e8b465ee728b)  -> (artifact id: '71d62ca3d22cc1193e27dd48f1e56460') in 0.017517 seconds
  Import took 0.028012 seconds .

========================================================================
Received Import Request.
  Time since last request: 0.000629 seconds.
  path: Packages/com.unity.textmeshpro/Editor Resources/Gizmos/TMP - Input Field Icon.psd
  artifactKey: Guid(3ee40aa79cd242a5b53b0b0ca4f13f0f) Importer(815301076,1909f56bfc062723c751e8b465ee728b)
Start importing Packages/com.unity.textmeshpro/Editor Resources/Gizmos/TMP - Input Field Icon.psd using Guid(3ee40aa79cd242a5b53b0b0ca4f13f0f) Importer(815301076,1909f56bfc062723c751e8b465ee728b)  -> (artifact id: '07512eaf15dccdb065283176b1544830') in 0.022084 seconds
  Import took 0.037748 seconds .

========================================================================
Received Import Request.
  Time since last request: 0.000515 seconds.
  path: Packages/com.unity.textmeshpro/Editor Resources/Gizmos/TMP - Sprite Asset Icon.psd
  artifactKey: Guid(ec7c645d93308c04d8840982af12101e) Importer(815301076,1909f56bfc062723c751e8b465ee728b)
Start importing Packages/com.unity.textmeshpro/Editor Resources/Gizmos/TMP - Sprite Asset Icon.psd using Guid(ec7c645d93308c04d8840982af12101e) Importer(815301076,1909f56bfc062723c751e8b465ee728b)  -> (artifact id: '0c5a29dd2023b568037c57ce7b0549a3') in 0.020317 seconds
  Import took 0.033762 seconds .

========================================================================
Received Import Request.
  Time since last request: 0.000464 seconds.
  path: Packages/com.unity.textmeshpro/Editor Resources/Gizmos/TMP - Font Asset Icon.psd
  artifactKey: Guid(ee148e281f3c41c5b4ff5f8a5afe5a6c) Importer(815301076,1909f56bfc062723c751e8b465ee728b)
Start importing Packages/com.unity.textmeshpro/Editor Resources/Gizmos/TMP - Font Asset Icon.psd using Guid(ee148e281f3c41c5b4ff5f8a5afe5a6c) Importer(815301076,1909f56bfc062723c751e8b465ee728b)  -> (artifact id: '2277347c954ee6c42e752009faac3186') in 0.019349 seconds
  Import took 0.038633 seconds .

========================================================================
Received Import Request.
  Time since last request: 3.825724 seconds.
  path: Packages/com.unity.textmeshpro/Editor Resources/Textures/btn_AlignBaseLine.psd
  artifactKey: Guid(8bc445bb79654bf496c92d0407840a92) Importer(815301076,1909f56bfc062723c751e8b465ee728b)
Start importing Packages/com.unity.textmeshpro/Editor Resources/Textures/btn_AlignBaseLine.psd using Guid(8bc445bb79654bf496c92d0407840a92) Importer(815301076,1909f56bfc062723c751e8b465ee728b)  -> (artifact id: '0dcb8e479c9dc0f04f0b07e6cf3a09a8') in 0.128131 seconds
  Import took 0.142407 seconds .

========================================================================
Received Import Request.
  Time since last request: 0.000474 seconds.
  path: Packages/com.unity.textmeshpro/Editor Resources/Textures/SectionHeader_Light.psd
  artifactKey: Guid(e3b0f810fdea84e40ab4ba20f256f7e8) Importer(815301076,1909f56bfc062723c751e8b465ee728b)
Start importing Packages/com.unity.textmeshpro/Editor Resources/Textures/SectionHeader_Light.psd using Guid(e3b0f810fdea84e40ab4ba20f256f7e8) Importer(815301076,1909f56bfc062723c751e8b465ee728b)  -> (artifact id: 'd2834344c0e8b5cef658b35cb80e4ea5') in 0.015811 seconds
  Import took 0.028269 seconds .

========================================================================
Received Import Request.
  Time since last request: 0.000525 seconds.
  path: Packages/com.unity.textmeshpro/Editor Resources/Textures/btn_AlignMidline_Light.psd
  artifactKey: Guid(bb42b2d967d6427983c901a4ffc8ecd9) Importer(815301076,1909f56bfc062723c751e8b465ee728b)
Start importing Packages/com.unity.textmeshpro/Editor Resources/Textures/btn_AlignMidline_Light.psd using Guid(bb42b2d967d6427983c901a4ffc8ecd9) Importer(815301076,1909f56bfc062723c751e8b465ee728b)  -> (artifact id: 'a29d34fd0ee84cc7317114460e60bbab') in 0.015663 seconds
  Import took 0.029331 seconds .

========================================================================
Received Import Request.
  Time since last request: 0.000774 seconds.
  path: Packages/com.unity.textmeshpro/Editor Resources/Textures/btn_AlignBaseLine_Light.psd
  artifactKey: Guid(18775b51e3bd42299fd30bd036ea982f) Importer(815301076,1909f56bfc062723c751e8b465ee728b)
Start importing Packages/com.unity.textmeshpro/Editor Resources/Textures/btn_AlignBaseLine_Light.psd using Guid(18775b51e3bd42299fd30bd036ea982f) Importer(815301076,1909f56bfc062723c751e8b465ee728b)  -> (artifact id: '93dd8d93f65147be2c9a852282720fb7') in 0.021862 seconds
  Import took 0.039262 seconds .

========================================================================
Received Import Request.
  Time since last request: 0.000574 seconds.
  path: Packages/com.unity.textmeshpro/Editor Resources/Textures/btn_AlignLeft.psd
  artifactKey: Guid(9288066c33474b94b6ee5465f4df1cc0) Importer(815301076,1909f56bfc062723c751e8b465ee728b)
Start importing Packages/com.unity.textmeshpro/Editor Resources/Textures/btn_AlignLeft.psd using Guid(9288066c33474b94b6ee5465f4df1cc0) Importer(815301076,1909f56bfc062723c751e8b465ee728b)  -> (artifact id: '98ea25fcda40ea9c17a40fd66dc93f27') in 0.019032 seconds
  Import took 0.035739 seconds .

========================================================================
Received Import Request.
  Time since last request: 0.000720 seconds.
  path: Packages/com.unity.textmeshpro/Editor Resources/Textures/SectionHeader_Dark.psd
  artifactKey: Guid(fb5730e24283d0c489e5c7d0bee023d9) Importer(815301076,1909f56bfc062723c751e8b465ee728b)
Start importing Packages/com.unity.textmeshpro/Editor Resources/Textures/SectionHeader_Dark.psd using Guid(fb5730e24283d0c489e5c7d0bee023d9) Importer(815301076,1909f56bfc062723c751e8b465ee728b)  -> (artifact id: '2bdbcb52709522a144938636702fa512') in 0.019561 seconds
  Import took 0.036557 seconds .

========================================================================
Received Import Request.
  Time since last request: 0.000823 seconds.
  path: Packages/com.unity.textmeshpro/Editor Resources/Textures/btn_AlignCapLine.psd
  artifactKey: Guid(0d9a36012a224080966c7b55896aa0f9) Importer(815301076,1909f56bfc062723c751e8b465ee728b)
Start importing Packages/com.unity.textmeshpro/Editor Resources/Textures/btn_AlignCapLine.psd using Guid(0d9a36012a224080966c7b55896aa0f9) Importer(815301076,1909f56bfc062723c751e8b465ee728b)  -> (artifact id: '3f449e646aad6f088e331e7a34f8b6f2') in 0.017537 seconds
  Import took 0.032925 seconds .

========================================================================
Received Import Request.
  Time since last request: 0.000574 seconds.
  path: Packages/com.unity.textmeshpro/Editor Resources/Textures/btn_AlignRight_Light.psd
  artifactKey: Guid(e05ace3bd15740cda0bad60d89092a5b) Importer(815301076,1909f56bfc062723c751e8b465ee728b)
Start importing Packages/com.unity.textmeshpro/Editor Resources/Textures/btn_AlignRight_Light.psd using Guid(e05ace3bd15740cda0bad60d89092a5b) Importer(815301076,1909f56bfc062723c751e8b465ee728b)  -> (artifact id: 'f859d0840c9122e8f30d7d5063f9f728') in 0.017783 seconds
  Import took 0.031911 seconds .

========================================================================
Received Import Request.
  Time since last request: 0.000488 seconds.
  path: Packages/com.unity.textmeshpro/Editor Resources/Textures/btn_AlignJustified.psd
  artifactKey: Guid(92027f7f8cfc4feaa477da0dc38d3d46) Importer(815301076,1909f56bfc062723c751e8b465ee728b)
Start importing Packages/com.unity.textmeshpro/Editor Resources/Textures/btn_AlignJustified.psd using Guid(92027f7f8cfc4feaa477da0dc38d3d46) Importer(815301076,1909f56bfc062723c751e8b465ee728b)  -> (artifact id: '9ff330a736ad5b5f76f100abd3cb2db6') in 0.015191 seconds
  Import took 0.030087 seconds .

========================================================================
Received Import Request.
  Time since last request: 0.000506 seconds.
  path: Packages/com.unity.textmeshpro/Editor Resources/Textures/btn_AlignFlush_Light.psd
  artifactKey: Guid(64b9fad609434c489c32b1cdf2004a1c) Importer(815301076,1909f56bfc062723c751e8b465ee728b)
Start importing Packages/com.unity.textmeshpro/Editor Resources/Textures/btn_AlignFlush_Light.psd using Guid(64b9fad609434c489c32b1cdf2004a1c) Importer(815301076,1909f56bfc062723c751e8b465ee728b)  -> (artifact id: '926652ad4277edb47c1712bcf4e0aa2d') in 0.015448 seconds
  Import took 0.031391 seconds .

========================================================================
Received Import Request.
  Time since last request: 0.000757 seconds.
  path: Packages/com.unity.textmeshpro/Editor Resources/Textures/btn_AlignCenterGeo.psd
  artifactKey: Guid(c76700ea0062413d9f69409b4e9e151b) Importer(815301076,1909f56bfc062723c751e8b465ee728b)
Start importing Packages/com.unity.textmeshpro/Editor Resources/Textures/btn_AlignCenterGeo.psd using Guid(c76700ea0062413d9f69409b4e9e151b) Importer(815301076,1909f56bfc062723c751e8b465ee728b)  -> (artifact id: '3e2a1efc772c6ac80b256234f3ea47d0') in 0.016124 seconds
  Import took 0.030817 seconds .

========================================================================
Received Import Request.
  Time since last request: 0.000435 seconds.
  path: Packages/com.unity.textmeshpro/Editor Resources/Textures/btn_AlignFlush.psd
  artifactKey: Guid(691475c57a824010be0c6f474caeb7e1) Importer(815301076,1909f56bfc062723c751e8b465ee728b)
Start importing Packages/com.unity.textmeshpro/Editor Resources/Textures/btn_AlignFlush.psd using Guid(691475c57a824010be0c6f474caeb7e1) Importer(815301076,1909f56bfc062723c751e8b465ee728b)  -> (artifact id: 'e1953c7de71c7e8728f776ce89da9458') in 0.016269 seconds
  Import took 0.029583 seconds .

========================================================================
Received Import Request.
  Time since last request: 0.000578 seconds.
  path: Packages/com.unity.textmeshpro/Editor Resources/Textures/btn_AlignBottom.psd
  artifactKey: Guid(ca51b19024094d1b87f3e07edb0a75fb) Importer(815301076,1909f56bfc062723c751e8b465ee728b)
Start importing Packages/com.unity.textmeshpro/Editor Resources/Textures/btn_AlignBottom.psd using Guid(ca51b19024094d1b87f3e07edb0a75fb) Importer(815301076,1909f56bfc062723c751e8b465ee728b)  -> (artifact id: 'fefbea8a824035719e3bc79eb331b575') in 0.019925 seconds
  Import took 0.035687 seconds .

========================================================================
Received Import Request.
  Time since last request: 0.000526 seconds.
  path: Packages/com.unity.textmeshpro/Editor Resources/Textures/btn_AlignMidLine.psd
  artifactKey: Guid(c2f7f6a88b4c4f20a53deb72f3d9144c) Importer(815301076,1909f56bfc062723c751e8b465ee728b)
Start importing Packages/com.unity.textmeshpro/Editor Resources/Textures/btn_AlignMidLine.psd using Guid(c2f7f6a88b4c4f20a53deb72f3d9144c) Importer(815301076,1909f56bfc062723c751e8b465ee728b)  -> (artifact id: '99e0ac14dc67ce5439eab512ded77f46') in 0.017971 seconds
  Import took 0.030203 seconds .

========================================================================
Received Import Request.
  Time since last request: 0.000513 seconds.
  path: Packages/com.unity.textmeshpro/Editor Resources/Textures/btn_AlignLeft_Light.psd
  artifactKey: Guid(12736c98af174f91827a26b66d2b01b9) Importer(815301076,1909f56bfc062723c751e8b465ee728b)
Start importing Packages/com.unity.textmeshpro/Editor Resources/Textures/btn_AlignLeft_Light.psd using Guid(12736c98af174f91827a26b66d2b01b9) Importer(815301076,1909f56bfc062723c751e8b465ee728b)  -> (artifact id: 'b5ab0210c90c14b952be5de36b81ca28') in 0.019457 seconds
  Import took 0.032465 seconds .

========================================================================
Received Import Request.
  Time since last request: 0.000481 seconds.
  path: Packages/com.unity.textmeshpro/Editor Resources/Textures/btn_AlignCenter.psd
  artifactKey: Guid(81ed8c76d2bc4a4c95d092c98af4e58f) Importer(815301076,1909f56bfc062723c751e8b465ee728b)
Start importing Packages/com.unity.textmeshpro/Editor Resources/Textures/btn_AlignCenter.psd using Guid(81ed8c76d2bc4a4c95d092c98af4e58f) Importer(815301076,1909f56bfc062723c751e8b465ee728b)  -> (artifact id: '750e2cad971d9518c6dd8b6d5a5ba361') in 0.016868 seconds
  Import took 0.031712 seconds .

========================================================================
Received Import Request.
  Time since last request: 0.000703 seconds.
  path: Packages/com.unity.textmeshpro/Editor Resources/Textures/btn_AlignCenterGeo_Light.psd
  artifactKey: Guid(35ff0937876540d3bd4b6a941df62a92) Importer(815301076,1909f56bfc062723c751e8b465ee728b)
Start importing Packages/com.unity.textmeshpro/Editor Resources/Textures/btn_AlignCenterGeo_Light.psd using Guid(35ff0937876540d3bd4b6a941df62a92) Importer(815301076,1909f56bfc062723c751e8b465ee728b)  -> (artifact id: '39ac190e19be9ccb4e754c488b5d2ea6') in 0.019407 seconds
  Import took 0.035050 seconds .

========================================================================
Received Import Request.
  Time since last request: 0.000486 seconds.
  path: Packages/com.unity.textmeshpro/Editor Resources/Textures/btn_AlignTop_Light.psd
  artifactKey: Guid(ed041e68439749a69d0efa0e3d896c2e) Importer(815301076,1909f56bfc062723c751e8b465ee728b)
Start importing Packages/com.unity.textmeshpro/Editor Resources/Textures/btn_AlignTop_Light.psd using Guid(ed041e68439749a69d0efa0e3d896c2e) Importer(815301076,1909f56bfc062723c751e8b465ee728b)  -> (artifact id: '244d388ce522c19d79011b62cf5bb4f2') in 0.018471 seconds
  Import took 0.034238 seconds .

========================================================================
Received Import Request.
  Time since last request: 0.000521 seconds.
  path: Packages/com.unity.textmeshpro/Editor Resources/Textures/btn_AlignCenter_Light.psd
  artifactKey: Guid(6ace62d30f494c948b71d5594afce11d) Importer(815301076,1909f56bfc062723c751e8b465ee728b)
Start importing Packages/com.unity.textmeshpro/Editor Resources/Textures/btn_AlignCenter_Light.psd using Guid(6ace62d30f494c948b71d5594afce11d) Importer(815301076,1909f56bfc062723c751e8b465ee728b)  -> (artifact id: 'b1fa0e73ea748e2e0d79be222af16b54') in 0.018295 seconds
  Import took 0.031758 seconds .

========================================================================
Received Import Request.
  Time since last request: 0.000594 seconds.
  path: Packages/com.unity.textmeshpro/Editor Resources/Textures/btn_AlignBottom_Light.psd
  artifactKey: Guid(585b70cb75dd43efbfead809c30a1731) Importer(815301076,1909f56bfc062723c751e8b465ee728b)
Start importing Packages/com.unity.textmeshpro/Editor Resources/Textures/btn_AlignBottom_Light.psd using Guid(585b70cb75dd43efbfead809c30a1731) Importer(815301076,1909f56bfc062723c751e8b465ee728b)  -> (artifact id: '3703a8bf0c632c7adf2d7988e0ef9891') in 0.017571 seconds
  Import took 0.031039 seconds .

========================================================================
Received Import Request.
  Time since last request: 0.000473 seconds.
  path: Packages/com.unity.textmeshpro/Editor Resources/Textures/btn_AlignRight.psd
  artifactKey: Guid(342a0f8aca7f4f0691338912faec0494) Importer(815301076,1909f56bfc062723c751e8b465ee728b)
Start importing Packages/com.unity.textmeshpro/Editor Resources/Textures/btn_AlignRight.psd using Guid(342a0f8aca7f4f0691338912faec0494) Importer(815301076,1909f56bfc062723c751e8b465ee728b)  -> (artifact id: '7f825d9d051ba08b469a61c942c6d0dc') in 0.019020 seconds
  Import took 0.031670 seconds .

========================================================================
Received Import Request.
  Time since last request: 0.000596 seconds.
  path: Packages/com.unity.textmeshpro/Editor Resources/Textures/btn_AlignTop.psd
  artifactKey: Guid(48d034c499ee4697af9dd6e327110249) Importer(815301076,1909f56bfc062723c751e8b465ee728b)
Start importing Packages/com.unity.textmeshpro/Editor Resources/Textures/btn_AlignTop.psd using Guid(48d034c499ee4697af9dd6e327110249) Importer(815301076,1909f56bfc062723c751e8b465ee728b)  -> (artifact id: 'b4eac98d443ba6bc694ff1cdfcf937e8') in 0.019687 seconds
  Import took 0.032017 seconds .

========================================================================
Received Import Request.
  Time since last request: 0.000590 seconds.
  path: Packages/com.unity.textmeshpro/Editor Resources/Textures/btn_AlignMiddle_Light.psd
  artifactKey: Guid(066619c9c9c84f89acb1b48c11a7efe2) Importer(815301076,1909f56bfc062723c751e8b465ee728b)
Start importing Packages/com.unity.textmeshpro/Editor Resources/Textures/btn_AlignMiddle_Light.psd using Guid(066619c9c9c84f89acb1b48c11a7efe2) Importer(815301076,1909f56bfc062723c751e8b465ee728b)  -> (artifact id: 'a706a18f049c6369659fb36db1bb0e5f') in 0.018165 seconds
  Import took 0.031461 seconds .

========================================================================
Received Import Request.
  Time since last request: 0.000503 seconds.
  path: Packages/com.unity.textmeshpro/Editor Resources/Textures/btn_AlignCapLine_Light.psd
  artifactKey: Guid(49679f302ac6408697f6b9314a38985c) Importer(815301076,1909f56bfc062723c751e8b465ee728b)
Start importing Packages/com.unity.textmeshpro/Editor Resources/Textures/btn_AlignCapLine_Light.psd using Guid(49679f302ac6408697f6b9314a38985c) Importer(815301076,1909f56bfc062723c751e8b465ee728b)  -> (artifact id: '24290631a1fd0809b532e16b0de37540') in 0.017258 seconds
  Import took 0.031871 seconds .

========================================================================
Received Import Request.
  Time since last request: 0.000580 seconds.
  path: Packages/com.unity.textmeshpro/Editor Resources/Textures/btn_AlignJustified_Light.psd
  artifactKey: Guid(fa6bd40a216346b783a4cce741d277a5) Importer(815301076,1909f56bfc062723c751e8b465ee728b)
Start importing Packages/com.unity.textmeshpro/Editor Resources/Textures/btn_AlignJustified_Light.psd using Guid(fa6bd40a216346b783a4cce741d277a5) Importer(815301076,1909f56bfc062723c751e8b465ee728b)  -> (artifact id: 'a135f0df780eb021cbbf0282f825f9ec') in 0.019257 seconds
  Import took 0.032245 seconds .

========================================================================
Received Import Request.
  Time since last request: 0.000500 seconds.
  path: Packages/com.unity.textmeshpro/Editor Resources/Textures/btn_AlignMiddle.psd
  artifactKey: Guid(41b96614b2e6494ba995ddcd252d11ae) Importer(815301076,1909f56bfc062723c751e8b465ee728b)
Start importing Packages/com.unity.textmeshpro/Editor Resources/Textures/btn_AlignMiddle.psd using Guid(41b96614b2e6494ba995ddcd252d11ae) Importer(815301076,1909f56bfc062723c751e8b465ee728b)  -> (artifact id: '7f7418af498a8634dca1ad6bdd38026a') in 0.015172 seconds
  Import took 0.029254 seconds .

========================================================================
Received Import Request.
  Time since last request: 0.855833 seconds.
  path: Packages/com.unity.timeline/package.json
  artifactKey: Guid(13a9c1b4df2e489e8eb9cacca7429596) Importer(815301076,1909f56bfc062723c751e8b465ee728b)
Start importing Packages/com.unity.timeline/package.json using Guid(13a9c1b4df2e489e8eb9cacca7429596) Importer(815301076,1909f56bfc062723c751e8b465ee728b)  -> (artifact id: '7df207f0487551f9c817a6f1e9efbc98') in 0.008636 seconds
  Import took 0.024260 seconds .

========================================================================
Received Import Request.
  Time since last request: 1.003638 seconds.
  path: Packages/com.unity.timeline/DocCodeExamples
  artifactKey: Guid(5486badfefef3eb47b45d071d232469d) Importer(815301076,1909f56bfc062723c751e8b465ee728b)
Start importing Packages/com.unity.timeline/DocCodeExamples using Guid(5486badfefef3eb47b45d071d232469d) Importer(815301076,1909f56bfc062723c751e8b465ee728b)  -> (artifact id: 'd83558666a89cd23893b970887c1f7d6') in 0.007540 seconds
  Import took 0.021068 seconds .

========================================================================
Received Import Request.
  Time since last request: 0.163044 seconds.
  path: Packages/com.unity.timeline/DocCodeExamples/DocCodeExamples.asmdef
  artifactKey: Guid(9550f6b9c1ac87345a996c43f204fb30) Importer(815301076,1909f56bfc062723c751e8b465ee728b)
Start importing Packages/com.unity.timeline/DocCodeExamples/DocCodeExamples.asmdef using Guid(9550f6b9c1ac87345a996c43f204fb30) Importer(815301076,1909f56bfc062723c751e8b465ee728b)  -> (artifact id: 'eb202fb38ba1b2e8605bd9eef36e95cf') in 0.008567 seconds
  Import took 0.020780 seconds .

========================================================================
Received Prepare
Registering precompiled user dll's ...
Registered in 0.003704 seconds.
Begin MonoManager ReloadAssembly
Native extension for LinuxStandalone target not found
Native extension for WindowsStandalone target not found
Refreshing native plugins compatible for Editor in 1.83 ms, found 0 plugins.
Preloading 0 native plugins for Editor in 0.00 ms.
Invoked RoslynAnalysisRunner static constructor.
RoslynAnalysisRunner will not be running.
RoslynAnalysisRunner has terminated.
Mono: successfully reloaded assembly
- Completed reload, in  2.596 seconds
Platform modules already initialized, skipping
Shader 'Universal Render Pipeline/Particles/Lit': fallback shader 'Universal Render Pipeline/Particles/SimpleLit' not found
Refreshing native plugins compatible for Editor in 1.71 ms, found 0 plugins.
Preloading 0 native plugins for Editor in 0.00 ms.
Unloading 2435 Unused Serialized files (Serialized files now loaded: 0)
System memory in use before: 120.6 MB.
System memory in use after: 120.8 MB.

Unloading 6 unused Assets to reduce memory usage. Loaded Objects now: 3164.
Total: 8.993300 ms (FindLiveObjects: 0.669000 ms CreateObjectMapping: 0.294700 ms MarkObjects: 7.749500 ms  DeleteObjects: 0.275600 ms)

========================================================================
Received Import Request.
  Time since last request: 295.240270 seconds.
  path: Assets/teste_jogar2.png
  artifactKey: Guid(0041e27a5dd4fca4e83c7ed5f7cf93dc) Importer(815301076,1909f56bfc062723c751e8b465ee728b)
Start importing Assets/teste_jogar2.png using Guid(0041e27a5dd4fca4e83c7ed5f7cf93dc) Importer(815301076,1909f56bfc062723c751e8b465ee728b)  -> (artifact id: '0d8da0eb061a35558ac907a380560771') in 0.099967 seconds
  Import took 0.117016 seconds .

========================================================================
Received Import Request.
  Time since last request: 0.000546 seconds.
  path: Assets/teste_jogar_select2.png
  artifactKey: Guid(1793e50b4f58fe742aeaab475203ec10) Importer(815301076,1909f56bfc062723c751e8b465ee728b)
Start importing Assets/teste_jogar_select2.png using Guid(1793e50b4f58fe742aeaab475203ec10) Importer(815301076,1909f56bfc062723c751e8b465ee728b)  -> (artifact id: 'b5cb8b9e583ec58b4ae76f77c3e11404') in 0.022795 seconds
  Import took 0.040093 seconds .

========================================================================
Received Import Request.
  Time since last request: 43.513289 seconds.
  path: Assets/teste_jogar2.png
  artifactKey: Guid(0041e27a5dd4fca4e83c7ed5f7cf93dc) Importer(815301076,1909f56bfc062723c751e8b465ee728b)
Start importing Assets/teste_jogar2.png using Guid(0041e27a5dd4fca4e83c7ed5f7cf93dc) Importer(815301076,1909f56bfc062723c751e8b465ee728b)  -> (artifact id: '2c0d1ffa43f919c458b633ba157f3988') in 0.064458 seconds
  Import took 0.080088 seconds .

========================================================================
Received Import Request.
  Time since last request: 3.833548 seconds.
  path: Assets/teste_jogar_select2.png
  artifactKey: Guid(1793e50b4f58fe742aeaab475203ec10) Importer(815301076,1909f56bfc062723c751e8b465ee728b)
Start importing Assets/teste_jogar_select2.png using Guid(1793e50b4f58fe742aeaab475203ec10) Importer(815301076,1909f56bfc062723c751e8b465ee728b)  -> (artifact id: '2d7276fe7c733d6f8dc25d897e595eb0') in 0.025355 seconds
  Import took 0.039030 seconds .

========================================================================
Received Import Request.
  Time since last request: 0.007106 seconds.
  path: Assets/teste_jogar_select2.png
  artifactKey: Guid(1793e50b4f58fe742aeaab475203ec10) Importer(815301076,1909f56bfc062723c751e8b465ee728b)
Start importing Assets/teste_jogar_select2.png using Guid(1793e50b4f58fe742aeaab475203ec10) Importer(815301076,1909f56bfc062723c751e8b465ee728b)  -> (artifact id: '2d7276fe7c733d6f8dc25d897e595eb0') in 0.029536 seconds
  Import took 0.044433 seconds .

========================================================================
Received Prepare
Registering precompiled user dll's ...
Registered in 0.004644 seconds.
Begin MonoManager ReloadAssembly
Native extension for LinuxStandalone target not found
Native extension for WindowsStandalone target not found
Refreshing native plugins compatible for Editor in 1.17 ms, found 0 plugins.
Preloading 0 native plugins for Editor in 0.00 ms.
Invoked RoslynAnalysisRunner static constructor.
RoslynAnalysisRunner will not be running.
RoslynAnalysisRunner has terminated.
Mono: successfully reloaded assembly
- Completed reload, in  2.502 seconds
Platform modules already initialized, skipping
Shader 'Universal Render Pipeline/Particles/Lit': fallback shader 'Universal Render Pipeline/Particles/SimpleLit' not found
Refreshing native plugins compatible for Editor in 2.08 ms, found 0 plugins.
Preloading 0 native plugins for Editor in 0.00 ms.
Unloading 2435 Unused Serialized files (Serialized files now loaded: 0)
System memory in use before: 120.6 MB.
System memory in use after: 120.8 MB.

Unloading 6 unused Assets to reduce memory usage. Loaded Objects now: 3171.
Total: 10.184200 ms (FindLiveObjects: 1.500800 ms CreateObjectMapping: 0.823400 ms MarkObjects: 7.538600 ms  DeleteObjects: 0.314600 ms)

AssetImportWorkerClient::OnTransportError - code=2 error=End of file
